{"/home/tercy/Documents/UniBern/HS20/ESE/ese2020-team9/backend/src/test/controllers/product.controller.spec.ts":{"path":"/home/tercy/Documents/UniBern/HS20/ESE/ese2020-team9/backend/src/test/controllers/product.controller.spec.ts","statementMap":{"0":{"start":{"line":2,"column":22},"end":{"line":8,"column":3}},"1":{"start":{"line":3,"column":4},"end":{"line":3,"column":33}},"2":{"start":{"line":3,"column":26},"end":{"line":3,"column":33}},"3":{"start":{"line":4,"column":4},"end":{"line":4,"column":89}},"4":{"start":{"line":4,"column":71},"end":{"line":4,"column":83}},"5":{"start":{"line":6,"column":4},"end":{"line":6,"column":33}},"6":{"start":{"line":6,"column":26},"end":{"line":6,"column":33}},"7":{"start":{"line":7,"column":4},"end":{"line":7,"column":17}},"8":{"start":{"line":9,"column":25},"end":{"line":13,"column":2}},"9":{"start":{"line":10,"column":4},"end":{"line":10,"column":72}},"10":{"start":{"line":12,"column":4},"end":{"line":12,"column":21}},"11":{"start":{"line":14,"column":19},"end":{"line":20,"column":1}},"12":{"start":{"line":15,"column":4},"end":{"line":15,"column":42}},"13":{"start":{"line":15,"column":31},"end":{"line":15,"column":42}},"14":{"start":{"line":16,"column":17},"end":{"line":16,"column":19}},"15":{"start":{"line":17,"column":4},"end":{"line":17,"column":131}},"16":{"start":{"line":17,"column":21},"end":{"line":17,"column":131}},"17":{"start":{"line":17,"column":40},"end":{"line":17,"column":131}},"18":{"start":{"line":17,"column":99},"end":{"line":17,"column":131}},"19":{"start":{"line":18,"column":4},"end":{"line":18,"column":36}},"20":{"start":{"line":19,"column":4},"end":{"line":19,"column":18}},"21":{"start":{"line":21,"column":22},"end":{"line":23,"column":1}},"22":{"start":{"line":22,"column":4},"end":{"line":22,"column":62}},"23":{"start":{"line":24,"column":0},"end":{"line":24,"column":62}},"24":{"start":{"line":25,"column":17},"end":{"line":25,"column":42}},"25":{"start":{"line":26,"column":15},"end":{"line":26,"column":44}},"26":{"start":{"line":27,"column":20},"end":{"line":27,"column":57}},"27":{"start":{"line":28,"column":21},"end":{"line":28,"column":55}},"28":{"start":{"line":29,"column":24},"end":{"line":29,"column":61}},"29":{"start":{"line":30,"column":13},"end":{"line":30,"column":43}},"30":{"start":{"line":31,"column":15},"end":{"line":31,"column":47}},"31":{"start":{"line":32,"column":0},"end":{"line":32,"column":40}},"32":{"start":{"line":34,"column":17},"end":{"line":50,"column":1}},"33":{"start":{"line":51,"column":17},"end":{"line":67,"column":1}},"34":{"start":{"line":68,"column":14},"end":{"line":86,"column":1}},"35":{"start":{"line":87,"column":17},"end":{"line":103,"column":1}},"36":{"start":{"line":104,"column":0},"end":{"line":366,"column":3}},"37":{"start":{"line":106,"column":4},"end":{"line":111,"column":7}},"38":{"start":{"line":107,"column":8},"end":{"line":110,"column":11}},"39":{"start":{"line":108,"column":12},"end":{"line":108,"column":24}},"40":{"start":{"line":109,"column":12},"end":{"line":109,"column":19}},"41":{"start":{"line":112,"column":4},"end":{"line":182,"column":7}},"42":{"start":{"line":113,"column":8},"end":{"line":123,"column":11}},"43":{"start":{"line":114,"column":12},"end":{"line":122,"column":15}},"44":{"start":{"line":115,"column":16},"end":{"line":121,"column":19}},"45":{"start":{"line":119,"column":20},"end":{"line":119,"column":43}},"46":{"start":{"line":120,"column":20},"end":{"line":120,"column":27}},"47":{"start":{"line":124,"column":8},"end":{"line":149,"column":11}},"48":{"start":{"line":125,"column":12},"end":{"line":148,"column":15}},"49":{"start":{"line":142,"column":16},"end":{"line":142,"column":50}},"50":{"start":{"line":143,"column":16},"end":{"line":143,"column":55}},"51":{"start":{"line":144,"column":16},"end":{"line":144,"column":62}},"52":{"start":{"line":145,"column":16},"end":{"line":145,"column":72}},"53":{"start":{"line":146,"column":16},"end":{"line":146,"column":101}},"54":{"start":{"line":147,"column":16},"end":{"line":147,"column":23}},"55":{"start":{"line":150,"column":8},"end":{"line":160,"column":11}},"56":{"start":{"line":151,"column":12},"end":{"line":159,"column":15}},"57":{"start":{"line":155,"column":16},"end":{"line":155,"column":50}},"58":{"start":{"line":156,"column":16},"end":{"line":156,"column":55}},"59":{"start":{"line":157,"column":16},"end":{"line":157,"column":99}},"60":{"start":{"line":158,"column":16},"end":{"line":158,"column":23}},"61":{"start":{"line":161,"column":8},"end":{"line":171,"column":11}},"62":{"start":{"line":162,"column":12},"end":{"line":170,"column":15}},"63":{"start":{"line":166,"column":16},"end":{"line":166,"column":50}},"64":{"start":{"line":167,"column":16},"end":{"line":167,"column":55}},"65":{"start":{"line":168,"column":16},"end":{"line":168,"column":102}},"66":{"start":{"line":169,"column":16},"end":{"line":169,"column":23}},"67":{"start":{"line":172,"column":8},"end":{"line":181,"column":11}},"68":{"start":{"line":173,"column":12},"end":{"line":180,"column":15}},"69":{"start":{"line":176,"column":16},"end":{"line":176,"column":50}},"70":{"start":{"line":177,"column":16},"end":{"line":177,"column":55}},"71":{"start":{"line":178,"column":16},"end":{"line":178,"column":92}},"72":{"start":{"line":179,"column":16},"end":{"line":179,"column":23}},"73":{"start":{"line":183,"column":4},"end":{"line":219,"column":7}},"74":{"start":{"line":184,"column":8},"end":{"line":207,"column":11}},"75":{"start":{"line":185,"column":12},"end":{"line":206,"column":15}},"76":{"start":{"line":202,"column":16},"end":{"line":202,"column":50}},"77":{"start":{"line":203,"column":16},"end":{"line":203,"column":55}},"78":{"start":{"line":204,"column":16},"end":{"line":204,"column":92}},"79":{"start":{"line":205,"column":16},"end":{"line":205,"column":23}},"80":{"start":{"line":208,"column":8},"end":{"line":218,"column":11}},"81":{"start":{"line":209,"column":12},"end":{"line":217,"column":15}},"82":{"start":{"line":213,"column":16},"end":{"line":213,"column":50}},"83":{"start":{"line":214,"column":16},"end":{"line":214,"column":55}},"84":{"start":{"line":215,"column":16},"end":{"line":215,"column":90}},"85":{"start":{"line":216,"column":16},"end":{"line":216,"column":23}},"86":{"start":{"line":220,"column":4},"end":{"line":248,"column":7}},"87":{"start":{"line":221,"column":8},"end":{"line":229,"column":11}},"88":{"start":{"line":222,"column":12},"end":{"line":228,"column":15}},"89":{"start":{"line":224,"column":16},"end":{"line":224,"column":50}},"90":{"start":{"line":225,"column":16},"end":{"line":225,"column":55}},"91":{"start":{"line":226,"column":16},"end":{"line":226,"column":88}},"92":{"start":{"line":227,"column":16},"end":{"line":227,"column":23}},"93":{"start":{"line":230,"column":8},"end":{"line":238,"column":11}},"94":{"start":{"line":231,"column":12},"end":{"line":237,"column":15}},"95":{"start":{"line":233,"column":16},"end":{"line":233,"column":50}},"96":{"start":{"line":234,"column":16},"end":{"line":234,"column":55}},"97":{"start":{"line":235,"column":16},"end":{"line":235,"column":90}},"98":{"start":{"line":236,"column":16},"end":{"line":236,"column":23}},"99":{"start":{"line":239,"column":8},"end":{"line":247,"column":11}},"100":{"start":{"line":240,"column":12},"end":{"line":246,"column":15}},"101":{"start":{"line":242,"column":16},"end":{"line":242,"column":50}},"102":{"start":{"line":243,"column":16},"end":{"line":243,"column":55}},"103":{"start":{"line":244,"column":16},"end":{"line":244,"column":90}},"104":{"start":{"line":245,"column":16},"end":{"line":245,"column":23}},"105":{"start":{"line":249,"column":4},"end":{"line":355,"column":7}},"106":{"start":{"line":250,"column":8},"end":{"line":263,"column":11}},"107":{"start":{"line":251,"column":12},"end":{"line":262,"column":15}},"108":{"start":{"line":252,"column":16},"end":{"line":254,"column":19}},"109":{"start":{"line":253,"column":20},"end":{"line":253,"column":61}},"110":{"start":{"line":256,"column":16},"end":{"line":261,"column":19}},"111":{"start":{"line":260,"column":20},"end":{"line":260,"column":27}},"112":{"start":{"line":264,"column":8},"end":{"line":271,"column":11}},"113":{"start":{"line":265,"column":12},"end":{"line":270,"column":15}},"114":{"start":{"line":266,"column":16},"end":{"line":266,"column":50}},"115":{"start":{"line":267,"column":16},"end":{"line":267,"column":55}},"116":{"start":{"line":268,"column":16},"end":{"line":268,"column":65}},"117":{"start":{"line":269,"column":16},"end":{"line":269,"column":23}},"118":{"start":{"line":272,"column":8},"end":{"line":279,"column":11}},"119":{"start":{"line":273,"column":12},"end":{"line":278,"column":15}},"120":{"start":{"line":274,"column":16},"end":{"line":274,"column":50}},"121":{"start":{"line":275,"column":16},"end":{"line":275,"column":55}},"122":{"start":{"line":276,"column":16},"end":{"line":276,"column":65}},"123":{"start":{"line":277,"column":16},"end":{"line":277,"column":23}},"124":{"start":{"line":280,"column":8},"end":{"line":287,"column":11}},"125":{"start":{"line":281,"column":12},"end":{"line":286,"column":15}},"126":{"start":{"line":282,"column":16},"end":{"line":282,"column":50}},"127":{"start":{"line":283,"column":16},"end":{"line":283,"column":55}},"128":{"start":{"line":284,"column":16},"end":{"line":284,"column":65}},"129":{"start":{"line":285,"column":16},"end":{"line":285,"column":23}},"130":{"start":{"line":288,"column":8},"end":{"line":295,"column":11}},"131":{"start":{"line":289,"column":12},"end":{"line":294,"column":15}},"132":{"start":{"line":290,"column":16},"end":{"line":290,"column":50}},"133":{"start":{"line":291,"column":16},"end":{"line":291,"column":55}},"134":{"start":{"line":292,"column":16},"end":{"line":292,"column":65}},"135":{"start":{"line":293,"column":16},"end":{"line":293,"column":23}},"136":{"start":{"line":296,"column":8},"end":{"line":303,"column":11}},"137":{"start":{"line":297,"column":12},"end":{"line":302,"column":15}},"138":{"start":{"line":298,"column":16},"end":{"line":298,"column":50}},"139":{"start":{"line":299,"column":16},"end":{"line":299,"column":55}},"140":{"start":{"line":300,"column":16},"end":{"line":300,"column":65}},"141":{"start":{"line":301,"column":16},"end":{"line":301,"column":23}},"142":{"start":{"line":304,"column":8},"end":{"line":311,"column":11}},"143":{"start":{"line":305,"column":12},"end":{"line":310,"column":15}},"144":{"start":{"line":306,"column":16},"end":{"line":306,"column":50}},"145":{"start":{"line":307,"column":16},"end":{"line":307,"column":55}},"146":{"start":{"line":308,"column":16},"end":{"line":308,"column":62}},"147":{"start":{"line":309,"column":16},"end":{"line":309,"column":23}},"148":{"start":{"line":312,"column":8},"end":{"line":319,"column":11}},"149":{"start":{"line":313,"column":12},"end":{"line":318,"column":15}},"150":{"start":{"line":314,"column":16},"end":{"line":314,"column":50}},"151":{"start":{"line":315,"column":16},"end":{"line":315,"column":55}},"152":{"start":{"line":316,"column":16},"end":{"line":316,"column":65}},"153":{"start":{"line":317,"column":16},"end":{"line":317,"column":23}},"154":{"start":{"line":320,"column":8},"end":{"line":327,"column":11}},"155":{"start":{"line":321,"column":12},"end":{"line":326,"column":15}},"156":{"start":{"line":322,"column":16},"end":{"line":322,"column":50}},"157":{"start":{"line":323,"column":16},"end":{"line":323,"column":55}},"158":{"start":{"line":324,"column":16},"end":{"line":324,"column":65}},"159":{"start":{"line":325,"column":16},"end":{"line":325,"column":23}},"160":{"start":{"line":328,"column":8},"end":{"line":335,"column":11}},"161":{"start":{"line":329,"column":12},"end":{"line":334,"column":15}},"162":{"start":{"line":330,"column":16},"end":{"line":330,"column":50}},"163":{"start":{"line":331,"column":16},"end":{"line":331,"column":55}},"164":{"start":{"line":332,"column":16},"end":{"line":332,"column":63}},"165":{"start":{"line":333,"column":16},"end":{"line":333,"column":23}},"166":{"start":{"line":336,"column":8},"end":{"line":346,"column":11}},"167":{"start":{"line":337,"column":12},"end":{"line":345,"column":15}},"168":{"start":{"line":338,"column":16},"end":{"line":338,"column":50}},"169":{"start":{"line":339,"column":16},"end":{"line":339,"column":55}},"170":{"start":{"line":340,"column":16},"end":{"line":340,"column":66}},"171":{"start":{"line":341,"column":16},"end":{"line":341,"column":81}},"172":{"start":{"line":342,"column":29},"end":{"line":342,"column":122}},"173":{"start":{"line":343,"column":16},"end":{"line":343,"column":75}},"174":{"start":{"line":344,"column":16},"end":{"line":344,"column":23}},"175":{"start":{"line":347,"column":8},"end":{"line":354,"column":11}},"176":{"start":{"line":348,"column":12},"end":{"line":353,"column":15}},"177":{"start":{"line":349,"column":16},"end":{"line":349,"column":50}},"178":{"start":{"line":350,"column":16},"end":{"line":350,"column":55}},"179":{"start":{"line":351,"column":16},"end":{"line":351,"column":86}},"180":{"start":{"line":352,"column":16},"end":{"line":352,"column":23}},"181":{"start":{"line":356,"column":4},"end":{"line":365,"column":7}},"182":{"start":{"line":357,"column":8},"end":{"line":360,"column":11}},"183":{"start":{"line":361,"column":8},"end":{"line":364,"column":30}},"184":{"start":{"line":364,"column":22},"end":{"line":364,"column":28}}},"fnMap":{"0":{"name":"(anonymous_0)","decl":{"start":{"line":2,"column":74},"end":{"line":2,"column":75}},"loc":{"start":{"line":2,"column":96},"end":{"line":5,"column":1}},"line":2},"1":{"name":"(anonymous_1)","decl":{"start":{"line":4,"column":58},"end":{"line":4,"column":59}},"loc":{"start":{"line":4,"column":69},"end":{"line":4,"column":85}},"line":4},"2":{"name":"(anonymous_2)","decl":{"start":{"line":5,"column":6},"end":{"line":5,"column":7}},"loc":{"start":{"line":5,"column":28},"end":{"line":8,"column":1}},"line":5},"3":{"name":"(anonymous_3)","decl":{"start":{"line":9,"column":80},"end":{"line":9,"column":81}},"loc":{"start":{"line":9,"column":95},"end":{"line":11,"column":1}},"line":9},"4":{"name":"(anonymous_4)","decl":{"start":{"line":11,"column":5},"end":{"line":11,"column":6}},"loc":{"start":{"line":11,"column":20},"end":{"line":13,"column":1}},"line":11},"5":{"name":"(anonymous_5)","decl":{"start":{"line":14,"column":50},"end":{"line":14,"column":51}},"loc":{"start":{"line":14,"column":65},"end":{"line":20,"column":1}},"line":14},"6":{"name":"(anonymous_6)","decl":{"start":{"line":21,"column":56},"end":{"line":21,"column":57}},"loc":{"start":{"line":21,"column":71},"end":{"line":23,"column":1}},"line":21},"7":{"name":"(anonymous_7)","decl":{"start":{"line":104,"column":35},"end":{"line":104,"column":36}},"loc":{"start":{"line":104,"column":41},"end":{"line":366,"column":1}},"line":104},"8":{"name":"(anonymous_8)","decl":{"start":{"line":106,"column":23},"end":{"line":106,"column":24}},"loc":{"start":{"line":106,"column":39},"end":{"line":111,"column":5}},"line":106},"9":{"name":"(anonymous_9)","decl":{"start":{"line":107,"column":41},"end":{"line":107,"column":42}},"loc":{"start":{"line":107,"column":50},"end":{"line":110,"column":9}},"line":107},"10":{"name":"(anonymous_10)","decl":{"start":{"line":112,"column":26},"end":{"line":112,"column":27}},"loc":{"start":{"line":112,"column":32},"end":{"line":182,"column":5}},"line":112},"11":{"name":"(anonymous_11)","decl":{"start":{"line":113,"column":50},"end":{"line":113,"column":51}},"loc":{"start":{"line":113,"column":66},"end":{"line":123,"column":9}},"line":113},"12":{"name":"(anonymous_12)","decl":{"start":{"line":114,"column":49},"end":{"line":114,"column":50}},"loc":{"start":{"line":114,"column":55},"end":{"line":122,"column":13}},"line":114},"13":{"name":"(anonymous_13)","decl":{"start":{"line":118,"column":23},"end":{"line":118,"column":24}},"loc":{"start":{"line":118,"column":43},"end":{"line":121,"column":17}},"line":118},"14":{"name":"(anonymous_14)","decl":{"start":{"line":124,"column":51},"end":{"line":124,"column":52}},"loc":{"start":{"line":124,"column":67},"end":{"line":149,"column":9}},"line":124},"15":{"name":"(anonymous_15)","decl":{"start":{"line":141,"column":19},"end":{"line":141,"column":20}},"loc":{"start":{"line":141,"column":39},"end":{"line":148,"column":13}},"line":141},"16":{"name":"(anonymous_16)","decl":{"start":{"line":150,"column":50},"end":{"line":150,"column":51}},"loc":{"start":{"line":150,"column":66},"end":{"line":160,"column":9}},"line":150},"17":{"name":"(anonymous_17)","decl":{"start":{"line":154,"column":21},"end":{"line":154,"column":22}},"loc":{"start":{"line":154,"column":41},"end":{"line":159,"column":13}},"line":154},"18":{"name":"(anonymous_18)","decl":{"start":{"line":161,"column":74},"end":{"line":161,"column":75}},"loc":{"start":{"line":161,"column":90},"end":{"line":171,"column":9}},"line":161},"19":{"name":"(anonymous_19)","decl":{"start":{"line":165,"column":21},"end":{"line":165,"column":22}},"loc":{"start":{"line":165,"column":41},"end":{"line":170,"column":13}},"line":165},"20":{"name":"(anonymous_20)","decl":{"start":{"line":172,"column":70},"end":{"line":172,"column":71}},"loc":{"start":{"line":172,"column":86},"end":{"line":181,"column":9}},"line":172},"21":{"name":"(anonymous_21)","decl":{"start":{"line":175,"column":21},"end":{"line":175,"column":22}},"loc":{"start":{"line":175,"column":41},"end":{"line":180,"column":13}},"line":175},"22":{"name":"(anonymous_22)","decl":{"start":{"line":183,"column":25},"end":{"line":183,"column":26}},"loc":{"start":{"line":183,"column":31},"end":{"line":219,"column":5}},"line":183},"23":{"name":"(anonymous_23)","decl":{"start":{"line":184,"column":51},"end":{"line":184,"column":52}},"loc":{"start":{"line":184,"column":67},"end":{"line":207,"column":9}},"line":184},"24":{"name":"(anonymous_24)","decl":{"start":{"line":201,"column":19},"end":{"line":201,"column":20}},"loc":{"start":{"line":201,"column":39},"end":{"line":206,"column":13}},"line":201},"25":{"name":"(anonymous_25)","decl":{"start":{"line":208,"column":77},"end":{"line":208,"column":78}},"loc":{"start":{"line":208,"column":93},"end":{"line":218,"column":9}},"line":208},"26":{"name":"(anonymous_26)","decl":{"start":{"line":212,"column":21},"end":{"line":212,"column":22}},"loc":{"start":{"line":212,"column":41},"end":{"line":217,"column":13}},"line":212},"27":{"name":"(anonymous_27)","decl":{"start":{"line":220,"column":28},"end":{"line":220,"column":29}},"loc":{"start":{"line":220,"column":34},"end":{"line":248,"column":5}},"line":220},"28":{"name":"(anonymous_28)","decl":{"start":{"line":221,"column":50},"end":{"line":221,"column":51}},"loc":{"start":{"line":221,"column":66},"end":{"line":229,"column":9}},"line":221},"29":{"name":"(anonymous_29)","decl":{"start":{"line":223,"column":21},"end":{"line":223,"column":22}},"loc":{"start":{"line":223,"column":41},"end":{"line":228,"column":13}},"line":223},"30":{"name":"(anonymous_30)","decl":{"start":{"line":230,"column":51},"end":{"line":230,"column":52}},"loc":{"start":{"line":230,"column":67},"end":{"line":238,"column":9}},"line":230},"31":{"name":"(anonymous_31)","decl":{"start":{"line":232,"column":21},"end":{"line":232,"column":22}},"loc":{"start":{"line":232,"column":41},"end":{"line":237,"column":13}},"line":232},"32":{"name":"(anonymous_32)","decl":{"start":{"line":239,"column":62},"end":{"line":239,"column":63}},"loc":{"start":{"line":239,"column":78},"end":{"line":247,"column":9}},"line":239},"33":{"name":"(anonymous_33)","decl":{"start":{"line":241,"column":21},"end":{"line":241,"column":22}},"loc":{"start":{"line":241,"column":41},"end":{"line":246,"column":13}},"line":241},"34":{"name":"(anonymous_34)","decl":{"start":{"line":249,"column":25},"end":{"line":249,"column":26}},"loc":{"start":{"line":249,"column":31},"end":{"line":355,"column":5}},"line":249},"35":{"name":"(anonymous_35)","decl":{"start":{"line":250,"column":36},"end":{"line":250,"column":37}},"loc":{"start":{"line":250,"column":52},"end":{"line":263,"column":9}},"line":250},"36":{"name":"(anonymous_36)","decl":{"start":{"line":251,"column":58},"end":{"line":251,"column":59}},"loc":{"start":{"line":251,"column":64},"end":{"line":255,"column":13}},"line":251},"37":{"name":"(anonymous_37)","decl":{"start":{"line":252,"column":62},"end":{"line":252,"column":63}},"loc":{"start":{"line":252,"column":68},"end":{"line":254,"column":17}},"line":252},"38":{"name":"(anonymous_38)","decl":{"start":{"line":255,"column":20},"end":{"line":255,"column":21}},"loc":{"start":{"line":255,"column":26},"end":{"line":262,"column":13}},"line":255},"39":{"name":"(anonymous_39)","decl":{"start":{"line":259,"column":25},"end":{"line":259,"column":26}},"loc":{"start":{"line":259,"column":45},"end":{"line":261,"column":17}},"line":259},"40":{"name":"(anonymous_40)","decl":{"start":{"line":264,"column":51},"end":{"line":264,"column":52}},"loc":{"start":{"line":264,"column":67},"end":{"line":271,"column":9}},"line":264},"41":{"name":"(anonymous_41)","decl":{"start":{"line":265,"column":61},"end":{"line":265,"column":62}},"loc":{"start":{"line":265,"column":81},"end":{"line":270,"column":13}},"line":265},"42":{"name":"(anonymous_42)","decl":{"start":{"line":272,"column":60},"end":{"line":272,"column":61}},"loc":{"start":{"line":272,"column":76},"end":{"line":279,"column":9}},"line":272},"43":{"name":"(anonymous_43)","decl":{"start":{"line":273,"column":70},"end":{"line":273,"column":71}},"loc":{"start":{"line":273,"column":90},"end":{"line":278,"column":13}},"line":273},"44":{"name":"(anonymous_44)","decl":{"start":{"line":280,"column":62},"end":{"line":280,"column":63}},"loc":{"start":{"line":280,"column":78},"end":{"line":287,"column":9}},"line":280},"45":{"name":"(anonymous_45)","decl":{"start":{"line":281,"column":72},"end":{"line":281,"column":73}},"loc":{"start":{"line":281,"column":92},"end":{"line":286,"column":13}},"line":281},"46":{"name":"(anonymous_46)","decl":{"start":{"line":288,"column":65},"end":{"line":288,"column":66}},"loc":{"start":{"line":288,"column":81},"end":{"line":295,"column":9}},"line":288},"47":{"name":"(anonymous_47)","decl":{"start":{"line":289,"column":78},"end":{"line":289,"column":79}},"loc":{"start":{"line":289,"column":98},"end":{"line":294,"column":13}},"line":289},"48":{"name":"(anonymous_48)","decl":{"start":{"line":296,"column":61},"end":{"line":296,"column":62}},"loc":{"start":{"line":296,"column":77},"end":{"line":303,"column":9}},"line":296},"49":{"name":"(anonymous_49)","decl":{"start":{"line":297,"column":68},"end":{"line":297,"column":69}},"loc":{"start":{"line":297,"column":88},"end":{"line":302,"column":13}},"line":297},"50":{"name":"(anonymous_50)","decl":{"start":{"line":304,"column":55},"end":{"line":304,"column":56}},"loc":{"start":{"line":304,"column":71},"end":{"line":311,"column":9}},"line":304},"51":{"name":"(anonymous_51)","decl":{"start":{"line":305,"column":63},"end":{"line":305,"column":64}},"loc":{"start":{"line":305,"column":83},"end":{"line":310,"column":13}},"line":305},"52":{"name":"(anonymous_52)","decl":{"start":{"line":312,"column":64},"end":{"line":312,"column":65}},"loc":{"start":{"line":312,"column":80},"end":{"line":319,"column":9}},"line":312},"53":{"name":"(anonymous_53)","decl":{"start":{"line":313,"column":68},"end":{"line":313,"column":69}},"loc":{"start":{"line":313,"column":88},"end":{"line":318,"column":13}},"line":313},"54":{"name":"(anonymous_54)","decl":{"start":{"line":320,"column":66},"end":{"line":320,"column":67}},"loc":{"start":{"line":320,"column":82},"end":{"line":327,"column":9}},"line":320},"55":{"name":"(anonymous_55)","decl":{"start":{"line":321,"column":70},"end":{"line":321,"column":71}},"loc":{"start":{"line":321,"column":90},"end":{"line":326,"column":13}},"line":321},"56":{"name":"(anonymous_56)","decl":{"start":{"line":328,"column":62},"end":{"line":328,"column":63}},"loc":{"start":{"line":328,"column":78},"end":{"line":335,"column":9}},"line":328},"57":{"name":"(anonymous_57)","decl":{"start":{"line":329,"column":77},"end":{"line":329,"column":78}},"loc":{"start":{"line":329,"column":97},"end":{"line":334,"column":13}},"line":329},"58":{"name":"(anonymous_58)","decl":{"start":{"line":336,"column":74},"end":{"line":336,"column":75}},"loc":{"start":{"line":336,"column":90},"end":{"line":346,"column":9}},"line":336},"59":{"name":"(anonymous_59)","decl":{"start":{"line":337,"column":78},"end":{"line":337,"column":79}},"loc":{"start":{"line":337,"column":98},"end":{"line":345,"column":13}},"line":337},"60":{"name":"(anonymous_60)","decl":{"start":{"line":347,"column":73},"end":{"line":347,"column":74}},"loc":{"start":{"line":347,"column":89},"end":{"line":354,"column":9}},"line":347},"61":{"name":"(anonymous_61)","decl":{"start":{"line":348,"column":78},"end":{"line":348,"column":79}},"loc":{"start":{"line":348,"column":98},"end":{"line":353,"column":13}},"line":348},"62":{"name":"(anonymous_62)","decl":{"start":{"line":356,"column":22},"end":{"line":356,"column":23}},"loc":{"start":{"line":356,"column":38},"end":{"line":365,"column":5}},"line":356},"63":{"name":"(anonymous_63)","decl":{"start":{"line":364,"column":16},"end":{"line":364,"column":17}},"loc":{"start":{"line":364,"column":22},"end":{"line":364,"column":28}},"line":364}},"branchMap":{"0":{"loc":{"start":{"line":2,"column":22},"end":{"line":8,"column":3}},"type":"binary-expr","locations":[{"start":{"line":2,"column":23},"end":{"line":2,"column":27}},{"start":{"line":2,"column":31},"end":{"line":2,"column":51}},{"start":{"line":2,"column":57},"end":{"line":8,"column":2}}],"line":2},"1":{"loc":{"start":{"line":2,"column":57},"end":{"line":8,"column":2}},"type":"cond-expr","locations":[{"start":{"line":2,"column":74},"end":{"line":5,"column":1}},{"start":{"line":5,"column":6},"end":{"line":8,"column":1}}],"line":2},"2":{"loc":{"start":{"line":3,"column":4},"end":{"line":3,"column":33}},"type":"if","locations":[{"start":{"line":3,"column":4},"end":{"line":3,"column":33}},{"start":{"line":3,"column":4},"end":{"line":3,"column":33}}],"line":3},"3":{"loc":{"start":{"line":6,"column":4},"end":{"line":6,"column":33}},"type":"if","locations":[{"start":{"line":6,"column":4},"end":{"line":6,"column":33}},{"start":{"line":6,"column":4},"end":{"line":6,"column":33}}],"line":6},"4":{"loc":{"start":{"line":9,"column":25},"end":{"line":13,"column":2}},"type":"binary-expr","locations":[{"start":{"line":9,"column":26},"end":{"line":9,"column":30}},{"start":{"line":9,"column":34},"end":{"line":9,"column":57}},{"start":{"line":9,"column":63},"end":{"line":13,"column":1}}],"line":9},"5":{"loc":{"start":{"line":9,"column":63},"end":{"line":13,"column":1}},"type":"cond-expr","locations":[{"start":{"line":9,"column":80},"end":{"line":11,"column":1}},{"start":{"line":11,"column":5},"end":{"line":13,"column":1}}],"line":9},"6":{"loc":{"start":{"line":14,"column":19},"end":{"line":20,"column":1}},"type":"binary-expr","locations":[{"start":{"line":14,"column":20},"end":{"line":14,"column":24}},{"start":{"line":14,"column":28},"end":{"line":14,"column":45}},{"start":{"line":14,"column":50},"end":{"line":20,"column":1}}],"line":14},"7":{"loc":{"start":{"line":15,"column":4},"end":{"line":15,"column":42}},"type":"if","locations":[{"start":{"line":15,"column":4},"end":{"line":15,"column":42}},{"start":{"line":15,"column":4},"end":{"line":15,"column":42}}],"line":15},"8":{"loc":{"start":{"line":15,"column":8},"end":{"line":15,"column":29}},"type":"binary-expr","locations":[{"start":{"line":15,"column":8},"end":{"line":15,"column":11}},{"start":{"line":15,"column":15},"end":{"line":15,"column":29}}],"line":15},"9":{"loc":{"start":{"line":17,"column":4},"end":{"line":17,"column":131}},"type":"if","locations":[{"start":{"line":17,"column":4},"end":{"line":17,"column":131}},{"start":{"line":17,"column":4},"end":{"line":17,"column":131}}],"line":17},"10":{"loc":{"start":{"line":17,"column":40},"end":{"line":17,"column":131}},"type":"if","locations":[{"start":{"line":17,"column":40},"end":{"line":17,"column":131}},{"start":{"line":17,"column":40},"end":{"line":17,"column":131}}],"line":17},"11":{"loc":{"start":{"line":17,"column":44},"end":{"line":17,"column":97}},"type":"binary-expr","locations":[{"start":{"line":17,"column":44},"end":{"line":17,"column":59}},{"start":{"line":17,"column":63},"end":{"line":17,"column":97}}],"line":17},"12":{"loc":{"start":{"line":21,"column":22},"end":{"line":23,"column":1}},"type":"binary-expr","locations":[{"start":{"line":21,"column":23},"end":{"line":21,"column":27}},{"start":{"line":21,"column":31},"end":{"line":21,"column":51}},{"start":{"line":21,"column":56},"end":{"line":23,"column":1}}],"line":21},"13":{"loc":{"start":{"line":22,"column":11},"end":{"line":22,"column":61}},"type":"cond-expr","locations":[{"start":{"line":22,"column":37},"end":{"line":22,"column":40}},{"start":{"line":22,"column":43},"end":{"line":22,"column":61}}],"line":22},"14":{"loc":{"start":{"line":22,"column":12},"end":{"line":22,"column":33}},"type":"binary-expr","locations":[{"start":{"line":22,"column":12},"end":{"line":22,"column":15}},{"start":{"line":22,"column":19},"end":{"line":22,"column":33}}],"line":22}},"s":{"0":1,"1":10,"2":10,"3":10,"4":64,"5":0,"6":0,"7":0,"8":1,"9":1,"10":0,"11":1,"12":1,"13":0,"14":1,"15":1,"16":1,"17":10,"18":10,"19":1,"20":1,"21":1,"22":3,"23":1,"24":1,"25":1,"26":1,"27":1,"28":1,"29":1,"30":1,"31":1,"32":1,"33":1,"34":1,"35":1,"36":1,"37":1,"38":1,"39":1,"40":1,"41":1,"42":1,"43":1,"44":1,"45":1,"46":1,"47":1,"48":1,"49":1,"50":1,"51":1,"52":1,"53":1,"54":1,"55":1,"56":1,"57":1,"58":1,"59":1,"60":1,"61":1,"62":1,"63":1,"64":1,"65":1,"66":1,"67":1,"68":1,"69":1,"70":1,"71":1,"72":1,"73":1,"74":1,"75":1,"76":1,"77":1,"78":1,"79":1,"80":1,"81":1,"82":1,"83":1,"84":1,"85":1,"86":1,"87":1,"88":1,"89":1,"90":1,"91":1,"92":1,"93":1,"94":1,"95":1,"96":1,"97":1,"98":1,"99":1,"100":1,"101":1,"102":1,"103":1,"104":1,"105":1,"106":1,"107":1,"108":1,"109":1,"110":1,"111":1,"112":1,"113":1,"114":1,"115":1,"116":1,"117":1,"118":1,"119":1,"120":1,"121":1,"122":1,"123":1,"124":1,"125":1,"126":1,"127":1,"128":1,"129":1,"130":1,"131":1,"132":1,"133":1,"134":1,"135":1,"136":1,"137":1,"138":1,"139":1,"140":1,"141":1,"142":1,"143":1,"144":1,"145":1,"146":1,"147":1,"148":1,"149":1,"150":1,"151":1,"152":1,"153":1,"154":1,"155":1,"156":1,"157":1,"158":1,"159":1,"160":1,"161":1,"162":1,"163":1,"164":1,"165":1,"166":1,"167":1,"168":1,"169":1,"170":1,"171":1,"172":1,"173":1,"174":1,"175":1,"176":1,"177":1,"178":1,"179":1,"180":1,"181":1,"182":1,"183":1,"184":1},"f":{"0":10,"1":64,"2":0,"3":1,"4":0,"5":1,"6":3,"7":1,"8":1,"9":1,"10":1,"11":1,"12":1,"13":1,"14":1,"15":1,"16":1,"17":1,"18":1,"19":1,"20":1,"21":1,"22":1,"23":1,"24":1,"25":1,"26":1,"27":1,"28":1,"29":1,"30":1,"31":1,"32":1,"33":1,"34":1,"35":1,"36":1,"37":1,"38":1,"39":1,"40":1,"41":1,"42":1,"43":1,"44":1,"45":1,"46":1,"47":1,"48":1,"49":1,"50":1,"51":1,"52":1,"53":1,"54":1,"55":1,"56":1,"57":1,"58":1,"59":1,"60":1,"61":1,"62":1,"63":1},"b":{"0":[1,1,1],"1":[1,0],"2":[10,0],"3":[0,0],"4":[1,1,1],"5":[1,0],"6":[1,1,1],"7":[0,1],"8":[1,1],"9":[1,0],"10":[10,0],"11":[10,10],"12":[1,1,1],"13":[0,3],"14":[3,3]},"inputSourceMap":{"version":3,"file":"/home/tercy/Documents/UniBern/HS20/ESE/ese2020-team9/backend/src/test/controllers/product.controller.spec.ts","sources":["/home/tercy/Documents/UniBern/HS20/ESE/ese2020-team9/backend/src/test/controllers/product.controller.spec.ts"],"names":[],"mappings":";;;;;;;;;;;;;;;;;;;;;;;;AAAA,2CAAoD;AACpD,6CAAoC;AACpC,0DAAiC;AAEjC,wDAA+D;AAC/D,8DAAwE;AACxE,4CAAoB;AACpB,gDAAwB;AAKxB,cAAI,CAAC,GAAG,CAAC,mBAAQ,CAAC,CAAC;AACnB,IAAI,GAAgB,CAAC;AAErB,MAAM,QAAQ,GAAsB;IAChC,SAAS,EAAG,CAAC;IACb,WAAW,EAAE,SAAS;IACtB,kBAAkB,EAAE,+BAA+B;IACnD,YAAY,EAAE,EAAE;IAChB,eAAe,EAAE,MAAM;IACvB,eAAe,EAAE,IAAI;IACrB,eAAe,EAAE,IAAI;IACrB,UAAU,EAAE,IAAI,IAAI,CAAC,IAAI,CAAC,GAAG,EAAE,CAAC;IAChC,QAAQ,EAAE,IAAI;IACd,UAAU,EAAE,KAAK;IACjB,SAAS,EAAE,KAAK;IAChB,UAAU,EAAE,KAAK;IACjB,WAAW,EAAE,IAAI;IACjB,MAAM,EAAE,CAAC;IACT,OAAO,EAAE,IAAI;CAChB,CAAC;AACF,MAAM,QAAQ,GAAsB;IAChC,SAAS,EAAG,CAAC;IACb,WAAW,EAAE,SAAS;IACtB,kBAAkB,EAAE,2BAA2B;IAC/C,YAAY,EAAE,GAAG;IACjB,eAAe,EAAE,SAAS;IAC1B,eAAe,EAAE,IAAI;IACrB,eAAe,EAAE,KAAK;IACtB,UAAU,EAAE,IAAI,IAAI,CAAC,IAAI,CAAC,GAAG,EAAE,CAAC;IAChC,QAAQ,EAAE,IAAI;IACd,UAAU,EAAE,IAAI;IAChB,SAAS,EAAE,IAAI;IACf,UAAU,EAAE,KAAK;IACjB,WAAW,EAAE,IAAI;IACjB,MAAM,EAAE,CAAC;IACT,OAAO,EAAE,IAAI;CAChB,CAAC;AAEF,MAAM,KAAK,GAAmB;IAC1B,MAAM,EAAE,CAAC;IACT,KAAK,EAAE,IAAI;IACX,MAAM,EAAE,GAAG;IACX,QAAQ,EAAE,OAAO;IACjB,QAAQ,EAAE,8DAA8D;IACxE,QAAQ,EAAE,uBAAuB;IACjC,SAAS,EAAE,MAAM;IACjB,QAAQ,EAAE,YAAY;IACtB,MAAM,EAAE,MAAM;IACd,WAAW,EAAE,SAAS;IACtB,aAAa,EAAE,IAAI;IACnB,UAAU,EAAE,IAAI;IAChB,WAAW,EAAE,IAAI;IACjB,cAAc,EAAE,SAAS;IACzB,SAAS,EAAE,CAAC;IACZ,aAAa,EAAE,CAAC;IAChB,YAAY,EAAE,CAAC;CAClB,CAAC;AAEF,MAAM,QAAQ,GAAsB;IAChC,SAAS,EAAG,CAAC;IACb,WAAW,EAAE,WAAW;IACxB,kBAAkB,EAAE,qCAAqC;IACzD,YAAY,EAAE,EAAE;IAChB,eAAe,EAAE,MAAM;IACvB,eAAe,EAAE,IAAI;IACrB,eAAe,EAAE,IAAI;IACrB,UAAU,EAAE,IAAI,IAAI,CAAC,IAAI,CAAC,GAAG,EAAE,CAAC;IAChC,QAAQ,EAAE,IAAI;IACd,UAAU,EAAE,KAAK;IACjB,SAAS,EAAE,KAAK;IAChB,UAAU,EAAE,KAAK;IACjB,WAAW,EAAE,KAAK;IAClB,MAAM,EAAE,CAAC;IACT,OAAO,EAAE,CAAC;CACb,CAAC;AAEF,QAAQ,CAAC,wBAAwB,EAAE,GAAG,EAAE;IACpC,IAAI,KAAa,CAAC;IAClB,MAAM,CAAC,UAAU,EAAE,UAAS,IAAI;QAC5B,2BAAkB,CAAC,IAAI,CAAC,KAAK,CAAC,EAAE;YAC5B,GAAG,GAAG,KAAK,CAAC;YACZ,IAAI,EAAE,CAAC;QACX,CAAC,CAAC,CAAC;IACP,CAAC,CAAC,CAAC;IACH,QAAQ,CAAC,WAAW,EAAE,GAAG,EAAE;QAEvB,MAAM,CAAC,iCAAiC,EAAE,UAAS,IAAI;YACnD,iBAAI,CAAC,MAAM,CAAC,KAAK,CAAC,CAAC,IAAI,CAAC,GAAG,EAAE;gBACzB,cAAI,CAAC,OAAO,CAAC,GAAG,CAAC,CAAC,IAAI,CAAC,aAAa,CAAC,CAAC,IAAI,CAAC;oBACvC,SAAS,EAAE,OAAO;oBAClB,QAAQ,EAAE,SAAS;iBACtB,CAAC,CAAC,GAAG,CAAC,UAAS,GAAG,EAAE,GAAG;oBACpB,KAAK,GAAG,GAAG,CAAC,IAAI,CAAC,KAAK,CAAC;oBACvB,IAAI,EAAE,CAAC;gBACX,CAAC,CAAC,CAAC;YACP,CAAC,CAAC,CAAC;QACP,CAAC,CAAC,CAAC;QACH,EAAE,CAAC,sCAAsC,EAAE,UAAS,IAAI;YACpD,cAAI,CAAC,OAAO,CAAC,GAAG,CAAC,CAAC,IAAI,CAAC,WAAW,CAAC,CAAC,IAAI,CAAC;gBACrC,SAAS,EAAG,CAAC;gBACb,WAAW,EAAE,SAAS;gBACtB,kBAAkB,EAAE,+BAA+B;gBACnD,YAAY,EAAE,EAAE;gBAChB,eAAe,EAAE,MAAM;gBACvB,eAAe,EAAE,IAAI;gBACrB,eAAe,EAAE,IAAI;gBACrB,UAAU,EAAE,IAAI,IAAI,CAAC,IAAI,CAAC,GAAG,EAAE,CAAC;gBAChC,QAAQ,EAAE,IAAI;gBACd,UAAU,EAAE,IAAI;gBAChB,SAAS,EAAE,KAAK;gBAChB,UAAU,EAAE,KAAK;gBACjB,WAAW,EAAE,IAAI;gBACjB,MAAM,EAAE,CAAC;gBACT,OAAO,EAAE,IAAI;aAChB,CAAC,CAAC,GAAG,CAAC,UAAS,GAAG,EAAE,GAAG;gBACpB,aAAM,CAAC,GAAG,CAAC,CAAC,EAAE,CAAC,EAAE,CAAC,EAAE,CAAC,IAAI,CAAC,CAAC;gBAC3B,aAAM,CAAC,GAAG,CAAC,CAAC,EAAE,CAAC,IAAI,CAAC,MAAM,CAAC,GAAG,CAAC,CAAC;gBAChC,aAAM,CAAC,GAAG,CAAC,IAAI,CAAC,SAAS,CAAC,CAAC,EAAE,CAAC,EAAE,CAAC,EAAE,CAAC,CAAC,CAAC,CAAC;gBACvC,aAAM,CAAC,GAAG,CAAC,IAAI,CAAC,WAAW,CAAC,CAAC,EAAE,CAAC,EAAE,CAAC,EAAE,CAAC,SAAS,CAAC,CAAC;gBACjD,aAAM,CAAC,GAAG,CAAC,IAAI,CAAC,kBAAkB,CAAC,CAAC,EAAE,CAAC,EAAE,CAAC,EAAE,CAAC,+BAA+B,CAAC,CAAC;gBAC9E,IAAI,EAAE,CAAC;YACX,CAAC,CAAC,CAAC;QACP,CAAC,CAAC,CAAC;QACH,EAAE,CAAC,qCAAqC,EAAE,UAAS,IAAI;YACnD,cAAI,CAAC,OAAO,CAAC,GAAG,CAAC,CAAC,IAAI,CAAC,2BAA2B,CAAC;iBAClD,GAAG,CAAC,EAAC,eAAe,EAAE,SAAS,GAAG,KAAK,EAAC,CAAC;iBACzC,MAAM,CAAC,OAAO,EAAE,YAAE,CAAC,YAAY,CAAE,cAAI,CAAC,IAAI,CAAC,SAAS,EAAE,sBAAsB,CAAC,CAAC,EAAE,WAAW,CAAC;iBAC5F,GAAG,CAAC,UAAS,GAAG,EAAE,GAAG;gBAClB,aAAM,CAAC,GAAG,CAAC,CAAC,EAAE,CAAC,EAAE,CAAC,EAAE,CAAC,IAAI,CAAC,CAAC;gBAC3B,aAAM,CAAC,GAAG,CAAC,CAAC,EAAE,CAAC,IAAI,CAAC,MAAM,CAAC,GAAG,CAAC,CAAC;gBAChC,aAAM,CAAC,GAAG,CAAC,IAAI,CAAC,OAAO,CAAC,CAAC,EAAE,CAAC,EAAE,CAAC,EAAE,CAAC,wCAAwC,CAAC,CAAA;gBAC3E,IAAI,EAAE,CAAC;YACX,CAAC,CAAC,CAAC;QACP,CAAC,CAAC,CAAC;QACH,EAAE,CAAC,6DAA6D,EAAE,UAAS,IAAI;YAC3E,cAAI,CAAC,OAAO,CAAC,GAAG,CAAC,CAAC,IAAI,CAAC,2BAA2B,CAAC;iBAClD,GAAG,CAAC,EAAC,eAAe,EAAE,SAAS,GAAG,KAAK,EAAC,CAAC;iBACzC,MAAM,CAAC,OAAO,EAAE,YAAE,CAAC,YAAY,CAAE,cAAI,CAAC,IAAI,CAAC,SAAS,EAAE,qBAAqB,CAAC,CAAC,EAAE,UAAU,CAAC;iBAC1F,GAAG,CAAC,UAAS,GAAG,EAAE,GAAG;gBAClB,aAAM,CAAC,GAAG,CAAC,CAAC,EAAE,CAAC,EAAE,CAAC,EAAE,CAAC,IAAI,CAAC,CAAC;gBAC3B,aAAM,CAAC,GAAG,CAAC,CAAC,EAAE,CAAC,IAAI,CAAC,MAAM,CAAC,GAAG,CAAC,CAAC;gBAChC,aAAM,CAAC,GAAG,CAAC,IAAI,CAAC,OAAO,CAAC,CAAC,EAAE,CAAC,EAAE,CAAC,EAAE,CAAC,2CAA2C,CAAC,CAAA;gBAC9E,IAAI,EAAE,CAAC;YACX,CAAC,CAAC,CAAC;QACP,CAAC,CAAC,CAAC;QACH,EAAE,CAAC,yDAAyD,EAAE,UAAS,IAAI;YACvE,cAAI,CAAC,OAAO,CAAC,GAAG,CAAC,CAAC,IAAI,CAAC,2BAA2B,CAAC;iBAClD,MAAM,CAAC,OAAO,EAAE,YAAE,CAAC,YAAY,CAAE,cAAI,CAAC,IAAI,CAAC,SAAS,EAAE,sBAAsB,CAAC,CAAC,EAAE,WAAW,CAAC;iBAC5F,GAAG,CAAC,UAAS,GAAG,EAAE,GAAG;gBAClB,aAAM,CAAC,GAAG,CAAC,CAAC,EAAE,CAAC,EAAE,CAAC,EAAE,CAAC,IAAI,CAAC,CAAC;gBAC3B,aAAM,CAAC,GAAG,CAAC,CAAC,EAAE,CAAC,IAAI,CAAC,MAAM,CAAC,GAAG,CAAC,CAAC;gBAChC,aAAM,CAAC,GAAG,CAAC,IAAI,CAAC,OAAO,CAAC,CAAC,EAAE,CAAC,EAAE,CAAC,EAAE,CAAC,iCAAiC,CAAC,CAAA;gBACpE,IAAI,EAAE,CAAC;YACX,CAAC,CAAC,CAAC;QACP,CAAC,CAAC,CAAC;IACP,CAAC,CAAC,CAAC;IACH,QAAQ,CAAC,UAAU,EAAE,GAAG,EAAE;QACtB,EAAE,CAAC,sCAAsC,EAAE,UAAS,IAAI;YACpD,cAAI,CAAC,OAAO,CAAC,GAAG,CAAC,CAAC,GAAG,CAAC,aAAa,CAAC,CAAC,IAAI,CAAC;gBACtC,SAAS,EAAG,CAAC;gBACb,WAAW,EAAE,SAAS;gBACtB,kBAAkB,EAAE,oCAAoC;gBACxD,YAAY,EAAE,EAAE;gBAChB,eAAe,EAAE,MAAM;gBACvB,eAAe,EAAE,IAAI;gBACrB,eAAe,EAAE,IAAI;gBACrB,UAAU,EAAE,IAAI,IAAI,CAAC,IAAI,CAAC,GAAG,EAAE,CAAC;gBAChC,QAAQ,EAAE,IAAI;gBACd,UAAU,EAAE,KAAK;gBACjB,SAAS,EAAE,KAAK;gBAChB,UAAU,EAAE,KAAK;gBACjB,WAAW,EAAE,IAAI;gBACjB,MAAM,EAAE,CAAC;gBACT,OAAO,EAAE,IAAI;aAChB,CAAC,CAAC,GAAG,CAAC,UAAS,GAAG,EAAE,GAAG;gBACpB,aAAM,CAAC,GAAG,CAAC,CAAC,EAAE,CAAC,EAAE,CAAC,EAAE,CAAC,IAAI,CAAC,CAAC;gBAC3B,aAAM,CAAC,GAAG,CAAC,CAAC,EAAE,CAAC,IAAI,CAAC,MAAM,CAAC,GAAG,CAAC,CAAC;gBAChC,aAAM,CAAC,GAAG,CAAC,IAAI,CAAC,OAAO,CAAC,CAAC,EAAE,CAAC,EAAE,CAAC,EAAE,CAAC,iCAAiC,CAAC,CAAC;gBACrE,IAAI,EAAE,CAAC;YACX,CAAC,CAAC,CAAC;QACP,CAAC,CAAC,CAAC;QACH,EAAE,CAAC,gEAAgE,EAAE,UAAS,IAAI;YAC9E,cAAI,CAAC,OAAO,CAAC,GAAG,CAAC,CAAC,GAAG,CAAC,cAAc,CAAC,CAAC,IAAI,CAAC;gBACvC,IAAI,EAAE,IAAI;aACb,CAAC;iBACD,GAAG,CAAC,UAAS,GAAG,EAAE,GAAG;gBAClB,aAAM,CAAC,GAAG,CAAC,CAAC,EAAE,CAAC,EAAE,CAAC,EAAE,CAAC,IAAI,CAAC,CAAC;gBAC3B,aAAM,CAAC,GAAG,CAAC,CAAC,EAAE,CAAC,IAAI,CAAC,MAAM,CAAC,GAAG,CAAC,CAAC;gBAChC,aAAM,CAAC,GAAG,CAAC,IAAI,CAAC,OAAO,CAAC,CAAC,EAAE,CAAC,EAAE,CAAC,EAAE,CAAC,+BAA+B,CAAC,CAAA;gBAClE,IAAI,EAAE,CAAC;YACX,CAAC,CAAC,CAAC;QACP,CAAC,CAAC,CAAC;IACP,CAAC,CAAC,CAAC;IACH,QAAQ,CAAC,aAAa,EAAE,GAAG,EAAE;QACzB,EAAE,CAAC,qCAAqC,EAAE,UAAS,IAAI;YACnD,cAAI,CAAC,OAAO,CAAC,GAAG,CAAC,CAAC,MAAM,CAAC,oBAAoB,CAAC;iBAC7C,GAAG,CAAC,UAAS,GAAG,EAAE,GAAG;gBAClB,aAAM,CAAC,GAAG,CAAC,CAAC,EAAE,CAAC,EAAE,CAAC,EAAE,CAAC,IAAI,CAAC,CAAC;gBAC3B,aAAM,CAAC,GAAG,CAAC,CAAC,EAAE,CAAC,IAAI,CAAC,MAAM,CAAC,GAAG,CAAC,CAAC;gBAChC,aAAM,CAAC,GAAG,CAAC,IAAI,CAAC,OAAO,CAAC,CAAC,EAAE,CAAC,EAAE,CAAC,EAAE,CAAC,6BAA6B,CAAC,CAAC;gBACjE,IAAI,EAAE,CAAC;YACX,CAAC,CAAC,CAAC;QACP,CAAC,CAAC,CAAC;QACH,EAAE,CAAC,sCAAsC,EAAE,UAAS,IAAI;YACpD,cAAI,CAAC,OAAO,CAAC,GAAG,CAAC,CAAC,MAAM,CAAC,aAAa,CAAC;iBACtC,GAAG,CAAC,UAAS,GAAG,EAAE,GAAG;gBAClB,aAAM,CAAC,GAAG,CAAC,CAAC,EAAE,CAAC,EAAE,CAAC,EAAE,CAAC,IAAI,CAAC,CAAC;gBAC3B,aAAM,CAAC,GAAG,CAAC,CAAC,EAAE,CAAC,IAAI,CAAC,MAAM,CAAC,GAAG,CAAC,CAAC;gBAChC,aAAM,CAAC,GAAG,CAAC,IAAI,CAAC,OAAO,CAAC,CAAC,EAAE,CAAC,EAAE,CAAC,EAAE,CAAC,+BAA+B,CAAC,CAAC;gBACnE,IAAI,EAAE,CAAC;YACX,CAAC,CAAC,CAAC;QACP,CAAC,CAAC,CAAC;QACH,EAAE,CAAC,iDAAiD,EAAE,UAAS,IAAI;YAC/D,cAAI,CAAC,OAAO,CAAC,GAAG,CAAC,CAAC,MAAM,CAAC,cAAc,CAAC;iBACvC,GAAG,CAAC,UAAS,GAAG,EAAE,GAAG;gBAClB,aAAM,CAAC,GAAG,CAAC,CAAC,EAAE,CAAC,EAAE,CAAC,EAAE,CAAC,IAAI,CAAC,CAAC;gBAC3B,aAAM,CAAC,GAAG,CAAC,CAAC,EAAE,CAAC,IAAI,CAAC,MAAM,CAAC,GAAG,CAAC,CAAC;gBAChC,aAAM,CAAC,GAAG,CAAC,IAAI,CAAC,OAAO,CAAC,CAAC,EAAE,CAAC,EAAE,CAAC,EAAE,CAAC,+BAA+B,CAAC,CAAA;gBAClE,IAAI,EAAE,CAAC;YACX,CAAC,CAAC,CAAC;QACP,CAAC,CAAC,CAAC;IACP,CAAC,CAAC,CAAC;IACH,QAAQ,CAAC,UAAU,EAAE,GAAG,EAAE;QACtB,MAAM,CAAC,mBAAmB,EAAE,UAAS,IAAI;YACrC,uBAAO,CAAC,MAAM,CAAC,QAAQ,CAAC,CAAC,IAAI,CAAC,GAAG,EAAE;gBAC/B,uBAAO,CAAC,MAAM,CAAC,QAAQ,CAAC,CAAC,IAAI,CAAC,GAAG,EAAE;oBAC9B,uBAAO,CAAC,MAAM,CAAC,QAAQ,CAAC,CAAC;gBAC9B,CAAC,CAAC,CAAA;YACN,CAAC,CAAC,CAAC,IAAI,CAAC,GAAG,EAAE;gBACL,cAAI,CAAC,OAAO,CAAC,GAAG,CAAC,CAAC,IAAI,CAAC,2BAA2B,CAAC;qBAClD,GAAG,CAAC,EAAC,eAAe,EAAE,SAAS,GAAG,KAAK,EAAC,CAAC;qBACzC,MAAM,CAAC,OAAO,EAAE,YAAE,CAAC,YAAY,CAAE,cAAI,CAAC,IAAI,CAAC,SAAS,EAAE,sBAAsB,CAAC,CAAC,EAAE,WAAW,CAAC;qBAC5F,GAAG,CAAC,UAAS,GAAG,EAAE,GAAG;oBAClB,IAAI,EAAE,CAAC;gBACX,CAAC,CAAC,CAAC;YACP,CAAC,CAAC,CAAC;QACP,CAAC,CAAC,CAAC;QACP,EAAE,CAAC,sCAAsC,EAAE,UAAS,IAAI;YACpD,cAAI,CAAC,OAAO,CAAC,GAAG,CAAC,CAAC,GAAG,CAAC,WAAW,CAAC,CAAC,GAAG,CAAC,UAAS,GAAG,EAAE,GAAG;gBACpD,aAAM,CAAC,GAAG,CAAC,CAAC,EAAE,CAAC,EAAE,CAAC,EAAE,CAAC,IAAI,CAAC,CAAC;gBAC3B,aAAM,CAAC,GAAG,CAAC,CAAC,EAAE,CAAC,IAAI,CAAC,MAAM,CAAC,GAAG,CAAC,CAAC;gBAChC,aAAM,CAAC,GAAG,CAAC,IAAI,CAAC,CAAC,CAAC,CAAC,SAAS,CAAC,CAAC,EAAE,CAAC,EAAE,CAAC,EAAE,CAAC,CAAC,CAAC,CAAC;gBAC1C,IAAI,EAAE,CAAC;YACX,CAAC,CAAC,CAAC;QACP,CAAC,CAAC,CAAC;QACH,EAAE,CAAC,+CAA+C,EAAE,UAAS,IAAI;YAC7D,cAAI,CAAC,OAAO,CAAC,GAAG,CAAC,CAAC,GAAG,CAAC,oBAAoB,CAAC,CAAC,GAAG,CAAC,UAAS,GAAG,EAAE,GAAG;gBAC7D,aAAM,CAAC,GAAG,CAAC,CAAC,EAAE,CAAC,EAAE,CAAC,EAAE,CAAC,IAAI,CAAC,CAAC;gBAC3B,aAAM,CAAC,GAAG,CAAC,CAAC,EAAE,CAAC,IAAI,CAAC,MAAM,CAAC,GAAG,CAAC,CAAC;gBAChC,aAAM,CAAC,GAAG,CAAC,IAAI,CAAC,CAAC,CAAC,CAAC,SAAS,CAAC,CAAC,EAAE,CAAC,EAAE,CAAC,EAAE,CAAC,CAAC,CAAC,CAAC;gBAC1C,IAAI,EAAE,CAAC;YACX,CAAC,CAAC,CAAC;QACP,CAAC,CAAC,CAAC;QACH,EAAE,CAAC,iDAAiD,EAAE,UAAS,IAAI;YAC/D,cAAI,CAAC,OAAO,CAAC,GAAG,CAAC,CAAC,GAAG,CAAC,sBAAsB,CAAC,CAAC,GAAG,CAAC,UAAS,GAAG,EAAE,GAAG;gBAC/D,aAAM,CAAC,GAAG,CAAC,CAAC,EAAE,CAAC,EAAE,CAAC,EAAE,CAAC,IAAI,CAAC,CAAC;gBAC3B,aAAM,CAAC,GAAG,CAAC,CAAC,EAAE,CAAC,IAAI,CAAC,MAAM,CAAC,GAAG,CAAC,CAAC;gBAChC,aAAM,CAAC,GAAG,CAAC,IAAI,CAAC,CAAC,CAAC,CAAC,SAAS,CAAC,CAAC,EAAE,CAAC,EAAE,CAAC,EAAE,CAAC,CAAC,CAAC,CAAC;gBAC1C,IAAI,EAAE,CAAC;YACX,CAAC,CAAC,CAAC;QACP,CAAC,CAAC,CAAC;QACH,EAAE,CAAC,oDAAoD,EAAE,UAAS,IAAI;YAClE,cAAI,CAAC,OAAO,CAAC,GAAG,CAAC,CAAC,GAAG,CAAC,4BAA4B,CAAC,CAAC,GAAG,CAAC,UAAS,GAAG,EAAE,GAAG;gBACrE,aAAM,CAAC,GAAG,CAAC,CAAC,EAAE,CAAC,EAAE,CAAC,EAAE,CAAC,IAAI,CAAC,CAAC;gBAC3B,aAAM,CAAC,GAAG,CAAC,CAAC,EAAE,CAAC,IAAI,CAAC,MAAM,CAAC,GAAG,CAAC,CAAC;gBAChC,aAAM,CAAC,GAAG,CAAC,IAAI,CAAC,CAAC,CAAC,CAAC,SAAS,CAAC,CAAC,EAAE,CAAC,EAAE,CAAC,EAAE,CAAC,CAAC,CAAC,CAAC;gBAC1C,IAAI,EAAE,CAAC;YACX,CAAC,CAAC,CAAC;QACP,CAAC,CAAC,CAAC;QACH,EAAE,CAAC,gDAAgD,EAAE,UAAS,IAAI;YAC9D,cAAI,CAAC,OAAO,CAAC,GAAG,CAAC,CAAC,GAAG,CAAC,kBAAkB,CAAC,CAAC,GAAG,CAAC,UAAS,GAAG,EAAE,GAAG;gBAC3D,aAAM,CAAC,GAAG,CAAC,CAAC,EAAE,CAAC,EAAE,CAAC,EAAE,CAAC,IAAI,CAAC,CAAC;gBAC3B,aAAM,CAAC,GAAG,CAAC,CAAC,EAAE,CAAC,IAAI,CAAC,MAAM,CAAC,GAAG,CAAC,CAAC;gBAChC,aAAM,CAAC,GAAG,CAAC,IAAI,CAAC,CAAC,CAAC,CAAC,SAAS,CAAC,CAAC,EAAE,CAAC,EAAE,CAAC,EAAE,CAAC,CAAC,CAAC,CAAC;gBAC1C,IAAI,EAAE,CAAC;YACX,CAAC,CAAC,CAAC;QACP,CAAC,CAAC,CAAC;QACH,EAAE,CAAC,0CAA0C,EAAE,UAAS,IAAI;YACxD,cAAI,CAAC,OAAO,CAAC,GAAG,CAAC,CAAC,GAAG,CAAC,aAAa,CAAC,CAAC,GAAG,CAAC,UAAS,GAAG,EAAE,GAAG;gBACtD,aAAM,CAAC,GAAG,CAAC,CAAC,EAAE,CAAC,EAAE,CAAC,EAAE,CAAC,IAAI,CAAC,CAAC;gBAC3B,aAAM,CAAC,GAAG,CAAC,CAAC,EAAE,CAAC,IAAI,CAAC,MAAM,CAAC,GAAG,CAAC,CAAC;gBAChC,aAAM,CAAC,GAAG,CAAC,IAAI,CAAC,SAAS,CAAC,CAAC,EAAE,CAAC,EAAE,CAAC,EAAE,CAAC,CAAC,CAAC,CAAC;gBACvC,IAAI,EAAE,CAAC;YACX,CAAC,CAAC,CAAC;QACP,CAAC,CAAC,CAAC;QACH,EAAE,CAAC,mDAAmD,EAAE,UAAS,IAAI;YACjE,cAAI,CAAC,OAAO,CAAC,GAAG,CAAC,CAAC,GAAG,CAAC,kBAAkB,CAAC,CAAC,GAAG,CAAC,UAAS,GAAG,EAAE,GAAG;gBAC3D,aAAM,CAAC,GAAG,CAAC,CAAC,EAAE,CAAC,EAAE,CAAC,EAAE,CAAC,IAAI,CAAC,CAAC;gBAC3B,aAAM,CAAC,GAAG,CAAC,CAAC,EAAE,CAAC,IAAI,CAAC,MAAM,CAAC,GAAG,CAAC,CAAC;gBAChC,aAAM,CAAC,GAAG,CAAC,IAAI,CAAC,CAAC,CAAC,CAAC,SAAS,CAAC,CAAC,EAAE,CAAC,EAAE,CAAC,EAAE,CAAC,CAAC,CAAC,CAAC;gBAC1C,IAAI,EAAE,CAAC;YACX,CAAC,CAAC,CAAC;QACP,CAAC,CAAC,CAAC;QACH,EAAE,CAAC,qDAAqD,EAAE,UAAS,IAAI;YACnE,cAAI,CAAC,OAAO,CAAC,GAAG,CAAC,CAAC,GAAG,CAAC,oBAAoB,CAAC,CAAC,GAAG,CAAC,UAAS,GAAG,EAAE,GAAG;gBAC7D,aAAM,CAAC,GAAG,CAAC,CAAC,EAAE,CAAC,EAAE,CAAC,EAAE,CAAC,IAAI,CAAC,CAAC;gBAC3B,aAAM,CAAC,GAAG,CAAC,CAAC,EAAE,CAAC,IAAI,CAAC,MAAM,CAAC,GAAG,CAAC,CAAC;gBAChC,aAAM,CAAC,GAAG,CAAC,IAAI,CAAC,CAAC,CAAC,CAAC,SAAS,CAAC,CAAC,EAAE,CAAC,EAAE,CAAC,EAAE,CAAC,CAAC,CAAC,CAAC;gBAC1C,IAAI,EAAE,CAAC;YACX,CAAC,CAAC,CAAC;QACP,CAAC,CAAC,CAAC;QACH,EAAE,CAAC,iDAAiD,EAAE,UAAS,IAAI;YAC/D,cAAI,CAAC,OAAO,CAAC,GAAG,CAAC,CAAC,GAAG,CAAC,2BAA2B,CAAC,CAAC,GAAG,CAAC,UAAS,GAAG,EAAE,GAAG;gBACpE,aAAM,CAAC,GAAG,CAAC,CAAC,EAAE,CAAC,EAAE,CAAC,EAAE,CAAC,IAAI,CAAC,CAAC;gBAC3B,aAAM,CAAC,GAAG,CAAC,CAAC,EAAE,CAAC,IAAI,CAAC,MAAM,CAAC,GAAG,CAAC,CAAC;gBAChC,aAAM,CAAC,GAAG,CAAC,IAAI,CAAC,CAAC,CAAC,CAAC,OAAO,CAAC,CAAC,EAAE,CAAC,EAAE,CAAC,EAAE,CAAC,CAAC,CAAC,CAAC;gBACxC,IAAI,EAAE,CAAC;YACX,CAAC,CAAC,CAAC;QACP,CAAC,CAAC,CAAC;QACH,EAAE,CAAC,6DAA6D,EAAE,UAAS,IAAI;YAC3E,cAAI,CAAC,OAAO,CAAC,GAAG,CAAC,CAAC,GAAG,CAAC,4BAA4B,CAAC,CAAC,GAAG,CAAC,UAAS,GAAG,EAAE,GAAG;gBACrE,aAAM,CAAC,GAAG,CAAC,CAAC,EAAE,CAAC,EAAE,CAAC,EAAE,CAAC,IAAI,CAAC,CAAC;gBAC3B,aAAM,CAAC,GAAG,CAAC,CAAC,EAAE,CAAC,IAAI,CAAC,MAAM,CAAC,GAAG,CAAC,CAAC;gBAChC,aAAM,CAAC,GAAG,CAAC,CAAC,EAAE,CAAC,IAAI,CAAC,MAAM,CAAC,cAAc,CAAC,CAAC;gBAC3C,aAAM,CAAC,GAAG,CAAC,MAAM,CAAC,cAAc,CAAC,CAAC,CAAC,EAAE,CAAC,EAAE,CAAC,EAAE,CAAC,YAAY,CAAC,CAAC;gBAC1D,MAAM,IAAI,GAAG,YAAE,CAAC,QAAQ,CAAC,cAAI,CAAC,IAAI,CAAC,SAAS,EAAE,sBAAsB,CAAC,CAAC,CAAC,IAAI,CAAC,QAAQ,EAAE,CAAC;gBACvF,aAAM,CAAC,GAAG,CAAC,MAAM,CAAC,gBAAgB,CAAC,CAAC,CAAC,EAAE,CAAC,EAAE,CAAC,EAAE,CAAC,IAAI,CAAC,CAAC;gBACpD,IAAI,EAAE,CAAC;YACX,CAAC,CAAC,CAAC;QACP,CAAC,CAAC,CAAC;QACH,EAAE,CAAC,4DAA4D,EAAE,UAAS,IAAI;YAC1E,cAAI,CAAC,OAAO,CAAC,GAAG,CAAC,CAAC,GAAG,CAAC,4BAA4B,CAAC,CAAC,GAAG,CAAC,UAAS,GAAG,EAAE,GAAG;gBACrE,aAAM,CAAC,GAAG,CAAC,CAAC,EAAE,CAAC,EAAE,CAAC,EAAE,CAAC,IAAI,CAAC,CAAC;gBAC3B,aAAM,CAAC,GAAG,CAAC,CAAC,EAAE,CAAC,IAAI,CAAC,MAAM,CAAC,GAAG,CAAC,CAAC;gBAChC,aAAM,CAAC,GAAG,CAAC,IAAI,CAAC,OAAO,CAAC,CAAC,EAAE,CAAC,EAAE,CAAC,EAAE,CAAC,2BAA2B,CAAC,CAAC;gBAC/D,IAAI,EAAE,CAAC;YACX,CAAC,CAAC,CAAC;QACP,CAAC,CAAC,CAAC;IACP,CAAC,CAAC,CAAC;IACH,KAAK,CAAC,UAAU,EAAE,UAAS,IAAI;QAC3B,iBAAI,CAAC,OAAO,CAAC;YACT,QAAQ,EAAE,IAAI;YACd,eAAe,EAAE,IAAI;SACxB,CAAC,CAAC;QACH,uBAAO,CAAC,OAAO,CAAC;YACZ,QAAQ,EAAE,IAAI;YACd,eAAe,EAAE,IAAI;SACxB,CAAC,CAAC,IAAI,CAAC,GAAG,EAAE,CAAC,IAAI,EAAE,CAAC,CAAC;IAC1B,CAAC,CAAC,CAAC;AACP,CAAC,CAAC,CAAC","sourcesContent":["import { applicationPromise } from './../../server';\nimport chai, { expect } from 'chai';\nimport chaiHttp from 'chai-http';\nimport { Application } from 'express';\nimport { User, UserAttributes } from '../../models/user.model';\nimport { Product, ProductAttributes } from '../../models/product.model';\nimport fs from 'fs';\nimport path from 'path';\nimport { ProductImage } from '../../models/productimage.model';\n\n// to run the tests, use the command 'npm run test' in the terminal\n\nchai.use(chaiHttp); // add chai-http to chai\nlet app: Application;\n\nconst product1: ProductAttributes = {\n    productId : 1,\n    productName: 'Schoggi',\n    productDescription: 'E feini Schoggi us Guetemala.',\n    productPrice: 10,\n    productCategory: 'food',\n    productLocation: null,\n    productDelivery: true,\n    uploadDate: new Date(Date.now()),\n    sellDate: null,\n    isApproved: false,\n    isService: false,\n    isRentable: false,\n    isAvailable: true,\n    userId: 1,\n    buyerId: null,\n};\nconst product2: ProductAttributes = {\n    productId : 2,\n    productName: 'Massage',\n    productDescription: 'One hour of thai massage.',\n    productPrice: 120,\n    productCategory: 'service',\n    productLocation: null,\n    productDelivery: false,\n    uploadDate: new Date(Date.now()),\n    sellDate: null,\n    isApproved: true,\n    isService: true,\n    isRentable: false,\n    isAvailable: true,\n    userId: 1,\n    buyerId: null,\n};\n\nconst user1: UserAttributes = {\n    userId: 1,\n    admin: true,\n    wallet: 500,\n    userName: 'admin',\n    password: '$2b$12$XVwWZfAd2fjjd.QjrvMJXOh4WPuxJ4.tpNzkg9wpSSNOShAoDOYWC', // adminPW\n    userMail: 'superAdmin@admins.com',\n    firstName: 'Jack',\n    lastName: 'Hammington',\n    gender: 'male',\n    phoneNumber: 796666666,\n    addressStreet: null,\n    addressPin: null,\n    addressCity: null,\n    addressCountry: 'England',\n    gameScore: 0,\n    activityScore: 0,\n    overallScore: 0\n};\n\nconst product3: ProductAttributes = {\n    productId : 3,\n    productName: 'Formaggio',\n    productDescription: 'Un molto buono formaggio di Ticino.',\n    productPrice: 30,\n    productCategory: 'food',\n    productLocation: null,\n    productDelivery: true,\n    uploadDate: new Date(Date.now()),\n    sellDate: null,\n    isApproved: false,\n    isService: false,\n    isRentable: false,\n    isAvailable: false,\n    userId: 1,\n    buyerId: 2\n};\n\ndescribe('ProductController Test', () => { // bundles the tests related to the ProductController\n    let token: string;\n    before('init app', function(done) { // applicationPromise value must be assigned to app!!!\n        applicationPromise.then(value => {\n            app = value;\n            done();\n        });\n    });\n    describe('Test Post', () => { // bundles the tests related to the post method\n       \n        before('add user to db and create token', function(done) {\n            User.create(user1).then(() => {\n                chai.request(app).post('/user/login').send({\n                    userLogin: 'admin',\n                    password: 'adminPW'\n                }).end(function(err, res) {\n                    token = res.body.token;\n                    done();\n                });\n            });\n        });\n        it('should create a product successfully', function(done) {\n            chai.request(app).post('/products').send({\n                productId : 1,\n                productName: 'Schoggi',\n                productDescription: 'E feini Schoggi us Guetemala.',\n                productPrice: 10,\n                productCategory: 'food',\n                productLocation: null,\n                productDelivery: true,\n                uploadDate: new Date(Date.now()),\n                sellDate: null,\n                isApproved: true,\n                isService: false,\n                isRentable: false,\n                isAvailable: true,\n                userId: 1,\n                buyerId: null,\n            }).end(function(err, res) {\n                expect(err).to.be.eq(null);\n                expect(res).to.have.status(200);\n                expect(res.body.productId).to.be.eq(1);\n                expect(res.body.productName).to.be.eq('Schoggi');\n                expect(res.body.productDescription).to.be.eq('E feini Schoggi us Guetemala.');\n                done();\n            });\n        });\n        it('should upload an image successfully', function(done) {\n            chai.request(app).post('/products/images/upload/1')\n            .set({'Authorization': 'Bearer ' + token})\n            .attach('image', fs.readFileSync( path.join(__dirname, '../../test/test.jpeg')), 'test.jpeg')\n            .end(function(err, res){\n                expect(err).to.be.eq(null);\n                expect(res).to.have.status(200);\n                expect(res.body.message).to.be.eq('Successfully uploaded Image with id 1!')\n                done();\n            });\n        });\n        it('should not successfully upload an image due to false format', function(done) {\n            chai.request(app).post('/products/images/upload/1')\n            .set({'Authorization': 'Bearer ' + token})\n            .attach('image', fs.readFileSync( path.join(__dirname, '../../test/test.gif')), 'test.gif')\n            .end(function(err, res){\n                expect(err).to.be.eq(null);\n                expect(res).to.have.status(400);\n                expect(res.body.message).to.be.eq('Only .png, .jpg and .jpeg format allowed!')\n                done();\n            });\n        });\n        it('should not successfully upload an image due to no token', function(done) {\n            chai.request(app).post('/products/images/upload/1')\n            .attach('image', fs.readFileSync( path.join(__dirname, '../../test/test.jpeg')), 'test.jpeg')\n            .end(function(err, res){\n                expect(err).to.be.eq(null);\n                expect(res).to.have.status(403);\n                expect(res.body.message).to.be.eq('Product does not belong to User')\n                done();\n            });\n        });\n    });\n    describe('Test PUT', () => {\n        it('should successfully update a product', function(done) {\n            chai.request(app).put('/products/1').send({\n                productId : 1,\n                productName: 'Schoggi',\n                productDescription: 'E sehr feini Schoggi us Guetemala.',\n                productPrice: 10,\n                productCategory: 'food',\n                productLocation: null,\n                productDelivery: true,\n                uploadDate: new Date(Date.now()),\n                sellDate: null,\n                isApproved: false,\n                isService: false,\n                isRentable: false,\n                isAvailable: true,\n                userId: 1,\n                buyerId: null,\n            }).end(function(err, res) {\n                expect(err).to.be.eq(null);\n                expect(res).to.have.status(200);\n                expect(res.body.message).to.be.eq('Product 1 successfully updated!');\n                done();\n            });\n        });\n        it('should not successfully update a product if wrong body is sent', function(done) {\n            chai.request(app).put('/products/11').send({\n                null: null\n            })\n            .end(function(err, res){\n                expect(err).to.be.eq(null);\n                expect(res).to.have.status(400);\n                expect(res.body.message).to.be.eq('Product with id 11 not found!')\n                done();\n            });\n        });\n    });\n    describe('Test Delete', () => {\n        it('should successfully delete an image', function(done) {\n            chai.request(app).delete('/products/images/1')\n            .end(function(err, res) {\n                expect(err).to.be.eq(null);\n                expect(res).to.have.status(200);\n                expect(res.body.message).to.be.eq('Image successfully deleted!');\n                done();\n            });\n        });        \n        it('should successfully delete a product', function(done) {\n            chai.request(app).delete('/products/1')\n            .end(function(err, res) {\n                expect(err).to.be.eq(null);\n                expect(res).to.have.status(200);\n                expect(res.body.message).to.be.eq('Product successfully deleted!');\n                done();\n            });\n        });\n        it('should not delete a product that does not exist', function(done) {\n            chai.request(app).delete('/products/18')\n            .end(function(err, res){\n                expect(err).to.be.eq(null);\n                expect(res).to.have.status(400);\n                expect(res.body.message).to.be.eq('Product with id 18 not found!')\n                done();\n            });\n        });\n    });\n    describe('Test Get', () => {\n        before('init db with user', function(done) {\n            Product.create(product1).then(() => {\n                Product.create(product2).then(() => {\n                     Product.create(product3);\n                })\n            }).then(() => {\n                    chai.request(app).post('/products/images/upload/1')\n                    .set({'Authorization': 'Bearer ' + token})\n                    .attach('image', fs.readFileSync( path.join(__dirname, '../../test/test.jpeg')), 'test.jpeg')\n                    .end(function(err, res){\n                        done();\n                    });\n                });\n            });\n        it('should successfully get all products', function(done){\n            chai.request(app).get('/products').end(function(err, res) {\n                expect(err).to.be.eq(null);\n                expect(res).to.have.status(200);\n                expect(res.body[0].productId).to.be.eq(1);\n                done();\n            }); \n        });\n        it('should successfully get all approved products', function(done){\n            chai.request(app).get('/products/approved').end(function(err, res) {\n                expect(err).to.be.eq(null);\n                expect(res).to.have.status(200);\n                expect(res.body[0].productId).to.be.eq(2);\n                done();\n            }); \n        });\n        it('should successfully get all unapproved products', function(done){\n            chai.request(app).get('/products/unapproved').end(function(err, res) {\n                expect(err).to.be.eq(null);\n                expect(res).to.have.status(200);\n                expect(res.body[0].productId).to.be.eq(1);\n                done();\n            });\n        });\n        it('should successfully get all products of a category', function(done){\n            chai.request(app).get('/products/category/service').end(function(err, res) {\n                expect(err).to.be.eq(null);\n                expect(res).to.have.status(200);\n                expect(res.body[0].productId).to.be.eq(2);\n                done();\n            }); \n        });\n        it('should successfully get all products of a user', function(done){\n            chai.request(app).get('/products/user/1').end(function(err, res) {\n                expect(err).to.be.eq(null);\n                expect(res).to.have.status(200);\n                expect(res.body[1].productId).to.be.eq(2);\n                done();\n            }); \n        });\n        it('should successfully get a products by id', function(done){\n            chai.request(app).get('/products/2').end(function(err, res) {\n                expect(err).to.be.eq(null);\n                expect(res).to.have.status(200);\n                expect(res.body.productId).to.be.eq(2);\n                done();\n            });\n        });\n        it('should successfully get all sold products of user', function(done){\n            chai.request(app).get('/products/sold/1').end(function(err, res) {\n                expect(err).to.be.eq(null);\n                expect(res).to.have.status(200);\n                expect(res.body[0].productId).to.be.eq(3);\n                done();\n            });\n        });\n        it('should successfully get all bought products of user', function(done){\n            chai.request(app).get('/products/bought/2').end(function(err, res) {\n                expect(err).to.be.eq(null);\n                expect(res).to.have.status(200);\n                expect(res.body[0].productId).to.be.eq(3);\n                done();\n            });\n        });\n        it('should successfully get the imageIds of product', function(done){\n            chai.request(app).get('/products/images/getIds/1').end(function(err, res) {\n                expect(err).to.be.eq(null);\n                expect(res).to.have.status(200);\n                expect(res.body[0].imageId).to.be.eq(2);\n                done();\n            });\n        });\n        it('should successfully get the image file of the given imageId', function(done){\n            chai.request(app).get('/products/images/getById/2').end(function(err, res) {\n                expect(err).to.be.eq(null);\n                expect(res).to.have.status(200);\n                expect(res).to.have.header('content-type');\n                expect(res.header['content-type']).to.be.eq('image/jpeg');\n                const size = fs.statSync(path.join(__dirname, '../../test/test.jpeg')).size.toString();\n                expect(res.header['content-length']).to.be.eq(size);\n                done();\n            });\n        });\n        it('should successfully throw an error on a non-existant image', function(done){\n            chai.request(app).get('/products/images/getById/1').end(function(err, res) {\n                expect(err).to.be.eq(null);\n                expect(res).to.have.status(404);\n                expect(res.body.message).to.be.eq('This image does not exist');\n                done();\n            });\n        });\n    });\n    after('clean up', function(done) {\n        User.destroy({\n            truncate: true,\n            restartIdentity: true\n        });\n        Product.destroy({\n            truncate: true,\n            restartIdentity: true\n        }).then(() => done());\n    });\n});\n"]},"_coverageSchema":"1a1c01bbd47fc00a2c39e90264f33305004495a9","hash":"c026ba1481709158b45b5efd27be3f230a973daa","contentHash":"52a1f7918e6966a592060fc9e3da1246a15756049bd48c6af81c7adfb6580ee0"},"/home/tercy/Documents/UniBern/HS20/ESE/ese2020-team9/backend/src/server.ts":{"path":"/home/tercy/Documents/UniBern/HS20/ESE/ese2020-team9/backend/src/server.ts","statementMap":{"0":{"start":{"line":2,"column":16},"end":{"line":10,"column":1}},"1":{"start":{"line":3,"column":28},"end":{"line":3,"column":110}},"2":{"start":{"line":3,"column":91},"end":{"line":3,"column":106}},"3":{"start":{"line":4,"column":4},"end":{"line":9,"column":7}},"4":{"start":{"line":5,"column":36},"end":{"line":5,"column":97}},"5":{"start":{"line":5,"column":42},"end":{"line":5,"column":70}},"6":{"start":{"line":5,"column":85},"end":{"line":5,"column":95}},"7":{"start":{"line":6,"column":35},"end":{"line":6,"column":100}},"8":{"start":{"line":6,"column":41},"end":{"line":6,"column":73}},"9":{"start":{"line":6,"column":88},"end":{"line":6,"column":98}},"10":{"start":{"line":7,"column":32},"end":{"line":7,"column":116}},"11":{"start":{"line":8,"column":8},"end":{"line":8,"column":78}},"12":{"start":{"line":11,"column":22},"end":{"line":13,"column":1}},"13":{"start":{"line":12,"column":4},"end":{"line":12,"column":62}},"14":{"start":{"line":14,"column":0},"end":{"line":14,"column":62}},"15":{"start":{"line":15,"column":0},"end":{"line":15,"column":53}},"16":{"start":{"line":16,"column":24},"end":{"line":16,"column":57}},"17":{"start":{"line":17,"column":18},"end":{"line":17,"column":53}},"18":{"start":{"line":18,"column":17},"end":{"line":18,"column":51}},"19":{"start":{"line":19,"column":26},"end":{"line":19,"column":66}},"20":{"start":{"line":20,"column":20},"end":{"line":20,"column":40}},"21":{"start":{"line":21,"column":21},"end":{"line":21,"column":51}},"22":{"start":{"line":22,"column":28},"end":{"line":22,"column":65}},"23":{"start":{"line":23,"column":33},"end":{"line":23,"column":80}},"24":{"start":{"line":24,"column":15},"end":{"line":24,"column":47}},"25":{"start":{"line":25,"column":29},"end":{"line":25,"column":72}},"26":{"start":{"line":26,"column":29},"end":{"line":26,"column":67}},"27":{"start":{"line":29,"column":8},"end":{"line":29,"column":45}},"28":{"start":{"line":30,"column":8},"end":{"line":30,"column":45}},"29":{"start":{"line":31,"column":8},"end":{"line":31,"column":51}},"30":{"start":{"line":32,"column":8},"end":{"line":32,"column":53}},"31":{"start":{"line":33,"column":8},"end":{"line":33,"column":59}},"32":{"start":{"line":34,"column":8},"end":{"line":34,"column":67}},"33":{"start":{"line":35,"column":8},"end":{"line":35,"column":69}},"34":{"start":{"line":36,"column":8},"end":{"line":36,"column":47}},"35":{"start":{"line":37,"column":8},"end":{"line":37,"column":53}},"36":{"start":{"line":38,"column":8},"end":{"line":38,"column":61}},"37":{"start":{"line":39,"column":8},"end":{"line":39,"column":63}},"38":{"start":{"line":42,"column":24},"end":{"line":54,"column":9}},"39":{"start":{"line":55,"column":8},"end":{"line":64,"column":148}},"40":{"start":{"line":64,"column":36},"end":{"line":64,"column":146}},"41":{"start":{"line":67,"column":8},"end":{"line":67,"column":42}},"42":{"start":{"line":68,"column":8},"end":{"line":74,"column":9}},"43":{"start":{"line":69,"column":12},"end":{"line":73,"column":15}},"44":{"start":{"line":75,"column":8},"end":{"line":79,"column":11}},"45":{"start":{"line":82,"column":8},"end":{"line":86,"column":11}},"46":{"start":{"line":83,"column":12},"end":{"line":85,"column":15}},"47":{"start":{"line":84,"column":16},"end":{"line":84,"column":81}},"48":{"start":{"line":89,"column":8},"end":{"line":95,"column":11}},"49":{"start":{"line":90,"column":12},"end":{"line":93,"column":13}},"50":{"start":{"line":91,"column":16},"end":{"line":91,"column":44}},"51":{"start":{"line":92,"column":16},"end":{"line":92,"column":35}},"52":{"start":{"line":94,"column":12},"end":{"line":94,"column":31}},"53":{"start":{"line":98,"column":0},"end":{"line":98,"column":24}},"54":{"start":{"line":99,"column":15},"end":{"line":99,"column":27}},"55":{"start":{"line":100,"column":0},"end":{"line":100,"column":48}},"56":{"start":{"line":101,"column":0},"end":{"line":103,"column":1}},"57":{"start":{"line":102,"column":4},"end":{"line":102,"column":19}}},"fnMap":{"0":{"name":"(anonymous_0)","decl":{"start":{"line":2,"column":44},"end":{"line":2,"column":45}},"loc":{"start":{"line":2,"column":89},"end":{"line":10,"column":1}},"line":2},"1":{"name":"adopt","decl":{"start":{"line":3,"column":13},"end":{"line":3,"column":18}},"loc":{"start":{"line":3,"column":26},"end":{"line":3,"column":112}},"line":3},"2":{"name":"(anonymous_2)","decl":{"start":{"line":3,"column":70},"end":{"line":3,"column":71}},"loc":{"start":{"line":3,"column":89},"end":{"line":3,"column":108}},"line":3},"3":{"name":"(anonymous_3)","decl":{"start":{"line":4,"column":36},"end":{"line":4,"column":37}},"loc":{"start":{"line":4,"column":63},"end":{"line":9,"column":5}},"line":4},"4":{"name":"fulfilled","decl":{"start":{"line":5,"column":17},"end":{"line":5,"column":26}},"loc":{"start":{"line":5,"column":34},"end":{"line":5,"column":99}},"line":5},"5":{"name":"rejected","decl":{"start":{"line":6,"column":17},"end":{"line":6,"column":25}},"loc":{"start":{"line":6,"column":33},"end":{"line":6,"column":102}},"line":6},"6":{"name":"step","decl":{"start":{"line":7,"column":17},"end":{"line":7,"column":21}},"loc":{"start":{"line":7,"column":30},"end":{"line":7,"column":118}},"line":7},"7":{"name":"(anonymous_7)","decl":{"start":{"line":11,"column":56},"end":{"line":11,"column":57}},"loc":{"start":{"line":11,"column":71},"end":{"line":13,"column":1}},"line":11},"8":{"name":"(anonymous_8)","decl":{"start":{"line":28,"column":4},"end":{"line":28,"column":5}},"loc":{"start":{"line":28,"column":18},"end":{"line":40,"column":5}},"line":28},"9":{"name":"(anonymous_9)","decl":{"start":{"line":41,"column":4},"end":{"line":41,"column":5}},"loc":{"start":{"line":41,"column":22},"end":{"line":65,"column":5}},"line":41},"10":{"name":"(anonymous_10)","decl":{"start":{"line":64,"column":22},"end":{"line":64,"column":23}},"loc":{"start":{"line":64,"column":36},"end":{"line":64,"column":146}},"line":64},"11":{"name":"(anonymous_11)","decl":{"start":{"line":66,"column":4},"end":{"line":66,"column":5}},"loc":{"start":{"line":66,"column":25},"end":{"line":80,"column":5}},"line":66},"12":{"name":"(anonymous_12)","decl":{"start":{"line":81,"column":4},"end":{"line":81,"column":5}},"loc":{"start":{"line":81,"column":12},"end":{"line":87,"column":5}},"line":81},"13":{"name":"(anonymous_13)","decl":{"start":{"line":82,"column":35},"end":{"line":82,"column":36}},"loc":{"start":{"line":82,"column":41},"end":{"line":86,"column":9}},"line":82},"14":{"name":"(anonymous_14)","decl":{"start":{"line":83,"column":42},"end":{"line":83,"column":43}},"loc":{"start":{"line":83,"column":48},"end":{"line":85,"column":13}},"line":83},"15":{"name":"(anonymous_15)","decl":{"start":{"line":88,"column":4},"end":{"line":88,"column":5}},"loc":{"start":{"line":88,"column":16},"end":{"line":96,"column":5}},"line":88},"16":{"name":"(anonymous_16)","decl":{"start":{"line":89,"column":47},"end":{"line":89,"column":48}},"loc":{"start":{"line":89,"column":60},"end":{"line":95,"column":9}},"line":89}},"branchMap":{"0":{"loc":{"start":{"line":2,"column":16},"end":{"line":10,"column":1}},"type":"binary-expr","locations":[{"start":{"line":2,"column":17},"end":{"line":2,"column":21}},{"start":{"line":2,"column":25},"end":{"line":2,"column":39}},{"start":{"line":2,"column":44},"end":{"line":10,"column":1}}],"line":2},"1":{"loc":{"start":{"line":3,"column":35},"end":{"line":3,"column":109}},"type":"cond-expr","locations":[{"start":{"line":3,"column":56},"end":{"line":3,"column":61}},{"start":{"line":3,"column":64},"end":{"line":3,"column":109}}],"line":3},"2":{"loc":{"start":{"line":4,"column":16},"end":{"line":4,"column":34}},"type":"binary-expr","locations":[{"start":{"line":4,"column":16},"end":{"line":4,"column":17}},{"start":{"line":4,"column":22},"end":{"line":4,"column":33}}],"line":4},"3":{"loc":{"start":{"line":7,"column":32},"end":{"line":7,"column":115}},"type":"cond-expr","locations":[{"start":{"line":7,"column":46},"end":{"line":7,"column":67}},{"start":{"line":7,"column":70},"end":{"line":7,"column":115}}],"line":7},"4":{"loc":{"start":{"line":8,"column":51},"end":{"line":8,"column":67}},"type":"binary-expr","locations":[{"start":{"line":8,"column":51},"end":{"line":8,"column":61}},{"start":{"line":8,"column":65},"end":{"line":8,"column":67}}],"line":8},"5":{"loc":{"start":{"line":11,"column":22},"end":{"line":13,"column":1}},"type":"binary-expr","locations":[{"start":{"line":11,"column":23},"end":{"line":11,"column":27}},{"start":{"line":11,"column":31},"end":{"line":11,"column":51}},{"start":{"line":11,"column":56},"end":{"line":13,"column":1}}],"line":11},"6":{"loc":{"start":{"line":12,"column":11},"end":{"line":12,"column":61}},"type":"cond-expr","locations":[{"start":{"line":12,"column":37},"end":{"line":12,"column":40}},{"start":{"line":12,"column":43},"end":{"line":12,"column":61}}],"line":12},"7":{"loc":{"start":{"line":12,"column":12},"end":{"line":12,"column":33}},"type":"binary-expr","locations":[{"start":{"line":12,"column":12},"end":{"line":12,"column":15}},{"start":{"line":12,"column":19},"end":{"line":12,"column":33}}],"line":12},"8":{"loc":{"start":{"line":29,"column":20},"end":{"line":29,"column":44}},"type":"binary-expr","locations":[{"start":{"line":29,"column":20},"end":{"line":29,"column":36}},{"start":{"line":29,"column":40},"end":{"line":29,"column":44}}],"line":29},"9":{"loc":{"start":{"line":68,"column":8},"end":{"line":74,"column":9}},"type":"if","locations":[{"start":{"line":68,"column":8},"end":{"line":74,"column":9}},{"start":{"line":68,"column":8},"end":{"line":74,"column":9}}],"line":68},"10":{"loc":{"start":{"line":90,"column":12},"end":{"line":93,"column":13}},"type":"if","locations":[{"start":{"line":90,"column":12},"end":{"line":93,"column":13}},{"start":{"line":90,"column":12},"end":{"line":93,"column":13}}],"line":90},"11":{"loc":{"start":{"line":101,"column":0},"end":{"line":103,"column":1}},"type":"if","locations":[{"start":{"line":101,"column":0},"end":{"line":103,"column":1}},{"start":{"line":101,"column":0},"end":{"line":103,"column":1}}],"line":101}},"s":{"0":1,"1":1,"2":0,"3":1,"4":1,"5":1,"6":0,"7":0,"8":0,"9":0,"10":2,"11":1,"12":1,"13":3,"14":1,"15":1,"16":1,"17":1,"18":1,"19":1,"20":1,"21":1,"22":1,"23":1,"24":1,"25":1,"26":1,"27":1,"28":1,"29":1,"30":1,"31":1,"32":1,"33":1,"34":1,"35":1,"36":1,"37":1,"38":1,"39":1,"40":0,"41":1,"42":1,"43":1,"44":0,"45":0,"46":0,"47":0,"48":1,"49":1,"50":1,"51":1,"52":0,"53":1,"54":1,"55":1,"56":1,"57":0},"f":{"0":1,"1":1,"2":0,"3":1,"4":1,"5":0,"6":2,"7":3,"8":1,"9":1,"10":0,"11":1,"12":0,"13":0,"14":0,"15":1,"16":1},"b":{"0":[1,1,1],"1":[1,0],"2":[1,1],"3":[1,1],"4":[1,1],"5":[1,1,1],"6":[0,3],"7":[3,3],"8":[1,1],"9":[1,0],"10":[1,0],"11":[0,1]},"inputSourceMap":{"version":3,"file":"/home/tercy/Documents/UniBern/HS20/ESE/ese2020-team9/backend/src/server.ts","sources":["/home/tercy/Documents/UniBern/HS20/ESE/ese2020-team9/backend/src/server.ts"],"names":[],"mappings":";;;;;;;;;;;;;;;AAAA,0DAAiD;AACjD,sDAAmE;AACnE,oDAA4B;AAC5B,mEAA+D;AAC/D,yCAAsC;AACtC,oDAA2C;AAC3C,kEAAyD;AACzD,iFAA6E;AAC7E,gDAAwB;AACxB,yEAAqE;AACrE,oEAA2D;AAE3D,MAAa,MAAM;IAKf;QAFQ,SAAI,GAAG,OAAO,CAAC,GAAG,CAAC,IAAI,IAAI,IAAI,CAAC;QAGpC,IAAI,CAAC,MAAM,GAAG,IAAI,CAAC,eAAe,EAAE,CAAC;QACrC,IAAI,CAAC,SAAS,GAAG,IAAI,CAAC,kBAAkB,EAAE,CAAC;QAG3C,iBAAI,CAAC,UAAU,CAAC,IAAI,CAAC,SAAS,CAAC,CAAC;QAChC,uBAAO,CAAC,UAAU,CAAC,IAAI,CAAC,SAAS,CAAC,CAAC;QACnC,+BAAW,CAAC,UAAU,CAAC,IAAI,CAAC,SAAS,CAAC,CAAC;QACvC,iCAAY,CAAC,UAAU,CAAC,IAAI,CAAC,SAAS,CAAC,CAAC;QACxC,iBAAI,CAAC,kBAAkB,EAAE,CAAC;QAC1B,uBAAO,CAAC,kBAAkB,EAAE,CAAC;QAC7B,+BAAW,CAAC,kBAAkB,EAAE,CAAC;QACjC,iCAAY,CAAC,kBAAkB,EAAE,CAAC;IACtC,CAAC;IAEO,eAAe;QAEnB,MAAM,OAAO,GAAqB;YAC9B,cAAc,EAAE;gBACZ,QAAQ;gBACR,kBAAkB;gBAClB,cAAc;gBACd,QAAQ;gBACR,gBAAgB;aACnB;YACD,WAAW,EAAE,IAAI;YACjB,OAAO,EAAE,wCAAwC;YACjD,MAAM,EAAE,oBAAoB,IAAI,CAAC,IAAI,EAAE;YACvC,iBAAiB,EAAE,KAAK;SAC3B,CAAC;QAEF,OAAO,iBAAO,EAAE;aACX,GAAG,CAAC,cAAI,EAAE,CAAC;aACX,GAAG,CAAC,iBAAO,CAAC,IAAI,EAAE,CAAC;aACnB,GAAG,CAAC,gBAAM,CAAC,MAAM,CAAC,CAAC;aACnB,GAAG,CAAC,OAAO,EAAE,gCAAc,CAAC;aAC5B,GAAG,CAAC,WAAW,EAAE,sCAAiB,CAAC;aACnC,GAAG,CAAC,cAAc,EAAE,8CAAqB,CAAC;aAC1C,OAAO,CAAC,GAAG,EAAE,cAAI,CAAC,OAAO,CAAC,CAAC;aAC3B,GAAG,CAAC,iBAAO,CAAC,MAAM,CAAC,cAAc,CAAC,CAAC;aAEnC,GAAG,CAAC,GAAG,EAAE,CAAC,GAAG,EAAE,GAAG,EAAE,EAAE,CAAC,GAAG,CAAC,IAAI,CAAC,oGAAoG,CAAC,CAAC,CAAC;IAChJ,CAAC;IAEO,kBAAkB;QACtB,OAAO,CAAC,GAAG,CAAC,OAAO,CAAC,GAAG,CAAC,QAAQ,CAAC,CAAC;QAClC,IAAI,OAAO,CAAC,GAAG,CAAC,QAAQ,KAAK,MAAM,EAAE;YACjC,OAAO,IAAI,qBAAS,CAAC;gBACjB,OAAO,EAAE,QAAQ;gBACjB,OAAO,EAAE,UAAU;gBACnB,OAAO,EAAE,KAAK;aACjB,CAAC,CAAC;SACN;QACD,OAAO,IAAI,qBAAS,CAAC;YACjB,OAAO,EAAE,QAAQ;YACjB,OAAO,EAAE,WAAW;YACpB,OAAO,EAAE,KAAK;SACjB,CAAC,CAAC;IACP,CAAC;IAEM,KAAK;QACR,IAAI,CAAC,SAAS,CAAC,IAAI,EAAE,CAAC,IAAI,CAAC,GAAG,EAAE;YAC5B,IAAI,CAAC,MAAM,CAAC,MAAM,CAAC,IAAI,CAAC,IAAI,EAAE,GAAG,EAAE;gBAC/B,OAAO,CAAC,GAAG,CAAC,wCAAwC,IAAI,CAAC,IAAI,EAAE,CAAC,CAAC;YACrE,CAAC,CAAC,CAAC;QACP,CAAC,CAAC,CAAC;IACP,CAAC;IAEY,SAAS;;YAClB,IAAI,OAAO,CAAC,GAAG,CAAC,QAAQ,KAAK,MAAM,EAAE;gBACjC,MAAM,IAAI,CAAC,SAAS,CAAC,IAAI,EAAE,CAAC;gBAC5B,OAAO,IAAI,CAAC,MAAM,CAAC;aACtB;YACD,OAAO,IAAI,CAAC,MAAM,CAAC;QACvB,CAAC;KAAA;CAEJ;AAjFD,wBAiFC;AAED,MAAM,MAAM,GAAG,IAAI,MAAM,EAAE,CAAC;AAEf,QAAA,kBAAkB,GAAG,MAAM,CAAC,SAAS,EAAE,CAAC;AAErD,IAAI,OAAO,CAAC,GAAG,CAAC,QAAQ,KAAK,OAAO,EAAE;IAClC,MAAM,CAAC,KAAK,EAAE,CAAC;CAClB","sourcesContent":["import { Product } from './models/product.model';\nimport express, { Application , Request, Response } from 'express';\nimport morgan from 'morgan';\nimport { UserController } from './controllers/user.controller';\nimport { Sequelize } from 'sequelize';\nimport { User } from './models/user.model';\nimport { Transaction } from './models/transaction.model';\nimport { TransactionController } from './controllers/transaction.controller';\nimport cors from 'cors';\nimport { ProductController } from './controllers/product.controller';\nimport { ProductImage } from './models/productimage.model';\n\nexport class Server {\n    private server: Application;\n    private sequelize: Sequelize;\n    private port = process.env.PORT || 3000;\n\n    constructor() {\n        this.server = this.configureServer();\n        this.sequelize = this.configureSequelize();\n\n        // create tables (if they do not already exist)\n        User.initialize(this.sequelize);\n        Product.initialize(this.sequelize);\n        Transaction.initialize(this.sequelize);\n        ProductImage.initialize(this.sequelize);\n        User.createAssociations();\n        Product.createAssociations();\n        Transaction.createAssociations();\n        ProductImage.createAssociations();\n    }\n\n    private configureServer(): Application {\n        // options for cors middleware\n        const options: cors.CorsOptions = {\n            allowedHeaders: [\n                'Origin',\n                'X-Requested-With',\n                'Content-Type',\n                'Accept',\n                'X-Access-Token',\n            ],\n            credentials: true,\n            methods: 'GET,HEAD,OPTIONS,PUT,PATCH,POST,DELETE',\n            origin: `http://localhost:${this.port}`,\n            preflightContinue: false,\n        };\n\n        return express()\n            .use(cors())\n            .use(express.json())                    // parses an incoming json to an object\n            .use(morgan('tiny'))                    // logs incoming requests\n            .use('/user', UserController)\n            .use('/products', ProductController)\n            .use('/transaction', TransactionController)\n            .options('*', cors(options))\n            .use(express.static('./src/public'))\n            // this is the message you get if you open http://localhost:3000/ when the server is running\n            .get('/', (req, res) => res.send('<h1>Welcome to the ESE-2020 Backend Scaffolding <span style=\"font-size:50px\">&#127881;</span></h1>'));\n    }\n\n    private configureSequelize(): Sequelize {\n        console.log(process.env.NODE_ENV);\n        if (process.env.NODE_ENV === 'test') {\n            return new Sequelize({\n                dialect: 'sqlite',\n                storage: ':memory:',\n                logging: false\n            });\n        }\n        return new Sequelize({\n            dialect: 'sqlite',\n            storage: 'db.sqlite',\n            logging: false // can be set to true for debugging\n        });\n    }\n\n    public start() {\n        this.sequelize.sync().then(() => {                           // create connection to the database\n            this.server.listen(this.port, () => {                                   // start server on specified port\n                console.log(`server listening at http://localhost:${this.port}`);   // indicate that the server has started\n            });\n        });\n    }\n\n    public async getServer() {\n        if (process.env.NODE_ENV === 'test') {\n            await this.sequelize.sync();\n            return this.server;\n        }\n        return this.server;\n    }\n\n}\n\nconst server = new Server();\n\nexport const applicationPromise = server.getServer(); // for test purposes only\n\nif (process.env.NODE_ENV === 'local') {\n    server.start(); // starts the server\n}\n"]},"_coverageSchema":"1a1c01bbd47fc00a2c39e90264f33305004495a9","hash":"266b65eab02c6fffed3bfd6f083e81153e0e344e","contentHash":"292e211db287327992554dd9b9acb4671d0568a017e091bfa5a2d6e7e240f477"},"/home/tercy/Documents/UniBern/HS20/ESE/ese2020-team9/backend/src/models/product.model.ts":{"path":"/home/tercy/Documents/UniBern/HS20/ESE/ese2020-team9/backend/src/models/product.model.ts","statementMap":{"0":{"start":{"line":2,"column":0},"end":{"line":2,"column":62}},"1":{"start":{"line":3,"column":0},"end":{"line":3,"column":25}},"2":{"start":{"line":4,"column":21},"end":{"line":4,"column":44}},"3":{"start":{"line":5,"column":20},"end":{"line":5,"column":40}},"4":{"start":{"line":6,"column":28},"end":{"line":6,"column":58}},"5":{"start":{"line":7,"column":29},"end":{"line":7,"column":60}},"6":{"start":{"line":10,"column":8},"end":{"line":73,"column":53}},"7":{"start":{"line":76,"column":8},"end":{"line":81,"column":11}},"8":{"start":{"line":82,"column":8},"end":{"line":85,"column":11}},"9":{"start":{"line":86,"column":8},"end":{"line":89,"column":11}},"10":{"start":{"line":92,"column":0},"end":{"line":92,"column":26}}},"fnMap":{"0":{"name":"(anonymous_0)","decl":{"start":{"line":9,"column":4},"end":{"line":9,"column":5}},"loc":{"start":{"line":9,"column":33},"end":{"line":74,"column":5}},"line":9},"1":{"name":"(anonymous_1)","decl":{"start":{"line":75,"column":4},"end":{"line":75,"column":5}},"loc":{"start":{"line":75,"column":32},"end":{"line":90,"column":5}},"line":75}},"branchMap":{},"s":{"0":1,"1":1,"2":1,"3":1,"4":1,"5":1,"6":1,"7":1,"8":1,"9":1,"10":1},"f":{"0":1,"1":1},"b":{},"inputSourceMap":{"version":3,"file":"/home/tercy/Documents/UniBern/HS20/ESE/ese2020-team9/backend/src/models/product.model.ts","sources":["/home/tercy/Documents/UniBern/HS20/ESE/ese2020-team9/backend/src/models/product.model.ts"],"names":[],"mappings":";;;AAAA,6CAAoC;AACpC,yCAAkE;AAClE,2DAAiD;AACjD,6DAAoD;AAsBpD,MAAa,OAAQ,SAAQ,iBAAmD;IAiBrE,MAAM,CAAC,UAAU,CAAC,SAAoB;QACzC,OAAO,CAAC,IAAI,CAAC;YACT,SAAS,EAAE;gBACP,IAAI,EAAE,qBAAS,CAAC,OAAO;gBACvB,aAAa,EAAE,IAAI;gBACnB,UAAU,EAAE,IAAI;aACnB;YACD,WAAW,EAAE;gBACT,IAAI,EAAE,qBAAS,CAAC,MAAM;gBACtB,SAAS,EAAE,KAAK;aACnB;YACD,kBAAkB,EAAE;gBAChB,IAAI,EAAE,qBAAS,CAAC,IAAI;aACvB;YACD,YAAY,EAAE;gBACV,IAAI,EAAE,qBAAS,CAAC,MAAM;gBACtB,SAAS,EAAE,KAAK;aACnB;YACD,eAAe,EAAE;gBACb,IAAI,EAAE,qBAAS,CAAC,MAAM;gBACtB,SAAS,EAAE,KAAK;aACnB;YACD,eAAe,EAAE;gBACb,IAAI,EAAE,qBAAS,CAAC,MAAM;aACzB;YACD,eAAe,EAAE;gBACb,IAAI,EAAE,qBAAS,CAAC,OAAO;gBACvB,YAAY,EAAE,KAA
[...]
,CAAC,CAAC,CAAC;IACP,CAAC,CAAC,CAAC;IACH,QAAQ,CAAC,sBAAsB,EAAE,GAAG,EAAE;QAClC,EAAE,CAAC,qCAAqC,EAAE,UAAS,IAAI;YACnD,iBAAiB,CAAC,eAAe,CAAC,OAAO,EAAE,MAAM,CAAC,CAAC,IAAI,CAAC,GAAG,EAAE;gBACzD,iBAAI,CAAC,OAAO,CAAC;oBACT,KAAK,EAAE;wBACH,QAAQ,EAAE,OAAO;qBACpB;iBACJ,CAAC,CAAC,IAAI,CAAC,IAAI,CAAC,EAAE;oBACX,aAAM,CAAC,IAAI,CAAC,QAAQ,CAAC,CAAC,GAAG,CAAC,EAAE,CAAC,EAAE,CAAC,EAAE,CAAC,8DAA8D,CAAC,CAAC;oBACnG,aAAM,CAAC,IAAI,CAAC,QAAQ,CAAC,CAAC,GAAG,CAAC,EAAE,CAAC,EAAE,CAAC,EAAE,CAAC,MAAM,CAAC,CAAC;oBAC3C,IAAI,EAAE,CAAC;gBACX,CAAC,CAAC,CAAC;YACP,CAAC,CAAC,CAAC;QACP,CAAC,CAAC,CAAC;QACH,EAAE,CAAC,gEAAgE,EAAE,UAAS,IAAI;YAC9E,iBAAiB,CAAC,eAAe,CAAC,iBAAiB,EAAE,OAAO,CAAC,CAAC,IAAI,CAAC,GAAG,EAAE;gBACpE,aAAM,CAAC,IAAI,CAAC,CAAC,EAAE,CAAC,EAAE,CAAC,EAAE,CAAC,KAAK,CAAC,CAAC;gBAC7B,IAAI,EAAE,CAAC;YACX,CAAC,CAAC,CAAC,KAAK,CAAC,GAAG,CAAC,EAAE;gBACX,aAAM,CAAC,GAAG,CAAC,CAAC,GAAG,CAAC,EAAE,CAAC,EAAE,CAAC,EAAE,CAAC,IAAI,CAAC,CAAC;gBAC/B,aAAM,CAAC,GAAG,CAAC,CAAC,EAAE,CAAC,IAAI,CAAC,QAAQ,CAAC,SAAS,CAAC,CAAC;gBACxC,IAAI,EAAE,CAAC;YACX,CAAC,CAAC,CAAC;QACP,CAAC,CAAC,CAAC;IACP,CAAC,CAAC,CAAC;IACH,QAAQ,CAAC,sBAAsB,EAAE,GAAG,EAAE;QAClC,EAAE,CAAC,uDAAuD,EAAE,UAAS,IAAI;YACrE,iBAAiB,CAAC,eAAe,CAAC,CAAC,EAAE,CAAC,CAAC,CAAC,IAAI,CAAC,GAAG,EAAE;gBAC9C,iBAAI,CAAC,QAAQ,CAAC,CAAC,CAAC,CAAC,IAAI,CAAC,CAAC,IAAI,EAAE,EAAE;oBAC3B,aAAM,CAAC,IAAI,CAAC,CAAC,GAAG,CAAC,EAAE,CAAC,EAAE,CAAC,EAAE,CAAC,IAAI,CAAC,CAAC;oBAChC,aAAM,CAAC,IAAI,CAAC,SAAS,CAAC,CAAC,EAAE,CAAC,EAAE,CAAC,EAAE,CAAC,CAAC,CAAC,CAAC;oBACnC,aAAM,CAAC,IAAI,CAAC,YAAY,CAAC,CAAC,EAAE,CAAC,EAAE,CAAC,EAAE,CAAC,EAAE,CAAC,CAAC;oBACvC,IAAI,EAAE,CAAC;gBACX,CAAC,CAAC,CAAC;YACP,CAAC,CAAC,CAAC;QACP,CAAC,CAAC,CAAC;IACP,CAAC,CAAC,CAAC;IACH,QAAQ,CAAC,uBAAuB,EAAE,GAAG,EAAE;QACnC,EAAE,CAAC,yBAAyB,EAAE,UAAS,IAAI;YACvC,MAAM,KAAK,GAAmB;gBAC1B,MAAM,EAAE,CAAC;gBACT,KAAK,EAAE,KAAK;gBACZ,MAAM,EAAE,GAAG;gBACX,QAAQ,EAAE,OAAO;gBACjB,QAAQ,EAAE,OAAO;gBACjB,QAAQ,EAAE,iBAAiB;gBAC3B,SAAS,EAAE,OAAO;gBAClB,QAAQ,EAAE,UAAU;gBACpB,MAAM,EAAE,MAAM;gBACd,WAAW,EAAE,OAAO;gBACpB,aAAa,EAAE,iBAAiB;gBAChC,UAAU,EAAE,MAAM;gBAClB,WAAW,EAAE,YAAY;gBACzB,cAAc,EAAE,eAAe;gBAC/B,SAAS,EAAE,CAAC;gBACZ,aAAa,EAAE,CAAC;gBAChB,YAAY,EAAE,CAAC;aAClB,CAAC;YACF,iBAAiB,CAAC,QAAQ,CAAC,KAAK,CAAC,CAAC,IAAI,CAAC,IAAI,CAAC,EAAE;gBAC1C,aAAM,CAAC,IAAI,CAAC,CAAC,GAAG,CAAC,EAAE,CAAC,EAAE,CAAC,EAAE,CAAC,IAAI,CAAC,CAAC;gBAChC,IAAI,EAAE,CAAC;YACX,CAAC,CAAC,CAAC;QACP,CAAC,CAAC,CAAC;QACH,EAAE,CAAC,0CAA0C,EAAE,UAAS,IAAI;YACxD,iBAAiB,CAAC,iBAAiB,EAAE,CAAC,IAAI,CAAC,CAAC,KAAK,EAAE,EAAE;gBACjD,aAAM,CAAC,KAAK,CAAC,CAAC,CAAC,CAAC,MAAM,CAAC,CAAC,EAAE,CAAC,EAAE,CAAC,EAAE,CAAC,CAAC,CAAC,CAAC;gBACpC,aAAM,CAAC,KAAK,CAAC,CAAC,CAAC,CAAC,QAAQ,CAAC,CAAC,EAAE,CAAC,EAAE,CAAC,EAAE,CAAC,OAAO,CAAC,CAAC;gBAC5C,aAAM,CAAC,KAAK,CAAC,CAAC,CAAC,CAAC,SAAS,CAAC,CAAC,EAAE,CAAC,EAAE,CAAC,EAAE,CAAC,CAAC,CAAC,CAAC;gBACvC,aAAM,CAAC,KAAK,CAAC,CAAC,CAAC,CAAC,MAAM,CAAC,CAAC,EAAE,CAAC,EAAE,CAAC,EAAE,CAAC,CAAC,CAAC,CAAC;gBACpC,IAAI,EAAE,CAAC;YACX,CAAC,CAAC,CAAC;QACP,CAAC,CAAC,CAAC;IACP,CAAC,CAAC,CAAC;IACH,QAAQ,CAAC,0BAA0B,EAAE,GAAG,EAAE;QACtC,EAAE,CAAC,uDAAuD,EAAE,UAAS,IAAI;YACrE,iBAAiB,CAAC,oBAAoB,EAAE,CAAC,IAAI,CAAC,CAAC,KAAK,EAAE,EAAE;gBACpD,aAAM,CAAC,KAAK,CAAC,CAAC,CAAC,CAAC,MAAM,CAAC,CAAC,EAAE,CAAC,EAAE,CAAC,EAAE,CAAC,CAAC,CAAC,CAAC;gBACpC,aAAM,CAAC,KAAK,CAAC,CAAC,CAAC,CAAC,QAAQ,CAAC,CAAC,EAAE,CAAC,EAAE,CAAC,EAAE,CAAC,OAAO,CAAC,CAAC;gBAC5C,aAAM,CAAC,KAAK,CAAC,CAAC,CAAC,CAAC,YAAY,CAAC,CAAC,EAAE,CAAC,EAAE,CAAC,EAAE,CAAC,CAAC,CAAC,CAAC;gBAC1C,aAAM,CAAC,KAAK,CAAC,CAAC,CAAC,CAAC,MAAM,CAAC,CAAC,EAAE,CAAC,EAAE,CAAC,EAAE,CAAC,CAAC,CAAC,CAAC;gBACpC,aAAM,CAAC,KAAK,CAAC,CAAC,CAAC,CAAC,YAAY,CAAC,CAAC,EAAE,CAAC,EAAE,CAAC,EAAE,CAAC,EAAE,CAAC,CAAC;gBAC3C,IAAI,EAAE,CAAC;YACX,CAAC,CAAC,CAAC;QACP,CAAC,CAAC,CAAC;IACP,CAAC,CAAC,CAAC;AACP,CAAC,CAAC,CAAC","sourcesContent":["import { UserService } from './../../services/user.service';\nimport { User, UserAttributes } from './../../models/user.model';\nimport { expect } from 'chai';\nimport { userInfo } from 'os';\n\ndescribe('UserService Tests', () => {\n\n    const testedUserService: UserService = new UserService();\n\n    const user1: UserAttributes = {\n        userId: 1,\n        admin: false,\n        wallet: 500,\n        userName: 'jacky',\n        password: 'jacky123',\n        userMail: 'jacky@gmail.com',\n        firstName: 'Jack',\n        lastName: 'Doe',\n        gender: 'male',\n        phoneNumber: 768927361,\n        addressStreet: 'Pinnacle Street',\n        addressPin: '77889',\n        addressCity: 'Hannington Town',\n        addressCountry: 'Saint Isles',\n        gameScore: 1,\n        activityScore: 2,\n        overallScore: 2\n    };\n\n    describe('Test register', () => {\n        it('should register user successfully', function(done) {\n            testedUserService.register(user1).then(user => {\n                expect(user.userName).to.be.eq('jacky');\n                expect(user.phoneNumber).to.be.eq(768927361);\n                User.findOne({\n                    where: {\n                        userName: 'jacky'\n                    }\n                }).then(foundUser => {\n                    expect(foundUser).not.to.be.eq(null);\n                    expect(foundUser.password).not.to.be.eq('jacky123'); // password must not be stored as plaintext in db\n                    done();\n                });\n            });\n        });\n        it('should not register user with existing userName', function(done) {\n            const user2: UserAttributes = {\n                userId: 2,\n                admin: false,\n                wallet: 500,\n                userName: 'jacky',\n                password: 'j1234',\n                userMail: 'he@me.com',\n                firstName: 'Brent',\n                lastName: 'Eastwood',\n                gender: 'male',\n                phoneNumber: 7655555,\n                addressStreet: 'Kensington Road',\n                addressPin: '4404',\n                addressCity: 'Creed Town',\n                addressCountry: 'Mercy Islands',\n                gameScore: 0,\n                activityScore: 0,\n                overallScore: 0\n            };\n            testedUserService.register(user2).catch(error => {\n                expect(error.message).to.be.eq('This username or email address is already being used!');\n                done();\n            });\n        });\n        it('should not register user with existing email', function(done) {\n            const user2: UserAttributes = {\n                userId: 2,\n                admin: false,\n                wallet: 500,\n                userName: 'brent',\n                password: 'j1234',\n                userMail: 'jacky@gmail.com',\n                firstName: 'Brent',\n                lastName: 'Eastwood',\n                gender: 'male',\n                phoneNumber: 7655555,\n                addressStreet: 'Kensington Road',\n                addressPin: '4404',\n                addressCity: 'Creed Town',\n                addressCountry: 'Mercy Islands',\n                gameScore: 0,\n                activityScore: 0,\n                overallScore: 0\n            };\n            testedUserService.register(user2).catch(error => {\n                expect(error.message).to.be.eq('This username or email address is already being used!');\n                done();\n            });\n        });\n        it('should not register faulty user', function(done) {\n            const user2: UserAttributes = {\n                userId: null,\n                admin: null,\n                wallet: null,\n                userName: null,\n                password: '1234',\n                userMail: 'he@me.com',\n                firstName: null,\n                lastName: null,\n                gender: null,\n                phoneNumber: null,\n                addressStreet: null,\n                addressPin: null,\n                addressCity: null,\n                addressCountry: null,\n                gameScore: 0,\n                activityScore: 0,\n                overallScore: 0\n            };\n            testedUserService.register(user2).catch(error => {\n                expect(error).not.to.be.eq(null);\n                done();\n            });\n        });\n    });\n    describe('Test login', () => {\n        it('should login successfully', function(done) {\n            testedUserService.login({\n                userLogin: 'jacky',\n                password: 'jacky123'\n            }).then(response => {\n                expect(response).to.have.property('token');\n                expect(response).to.have.property('user');\n                done();\n            });\n        });\n        it('should login successfully with userMail', function(done) {\n            testedUserService.login({\n                userLogin: 'jacky@gmail.com',\n                password: 'jacky123'\n            }).then(response => {\n                expect(response).to.have.property('token');\n                expect(response).to.have.property('user');\n                done();\n            });\n        });\n        it('should not login when password wrong', function(done) {\n            testedUserService.login({\n                userLogin: 'jacky@gmail.com',\n                password: 'j123'\n            }).catch(err => {\n                expect(err).to.have.property('message');\n                expect(err.message).to.contain('Wrong password');\n                done();\n            });\n        });\n        it('should not login not registered user', function(done) {\n            testedUserService.login({\n                userLogin: 'gandalf',\n                password: 'gandalf4ever'\n            }).catch(err => {\n                expect(err).to.have.property('message');\n                done();\n            });\n        });\n    });\n    describe('Test getAll', () => {\n        it('should find all users', function(done) {\n            testedUserService.getAll().then(values => {\n                expect(values.length).to.be.eq(1);\n                expect(values.pop().userName).to.be.eq('jacky');\n                done();\n            });\n        });\n    });\n    describe('Test deleteUser', () => {\n        it('should delete user when id exists', function(done) {\n            testedUserService.deleteUser(1).then(number => {\n                expect(number).to.be.eq(1);\n                User.findAll().then(values => {\n                    expect(values.length).to.be.eq(0);\n                    done();\n                });\n            });\n        });\n        it('should return 0 when id does not exist', function(done) {\n            testedUserService.deleteUser(1).then(number => {\n                expect(number).to.be.eq(0);\n                done();\n            });\n        });\n    });\n    describe('Test makeUserAdmin', () => {\n        before('add user to db', function(done) {\n            User.create(user1).then(() => {\n                done();\n            });\n        });\n        it('should make user to admin when user not admin', function(done) {\n            User.findOne({\n                where: {\n                    userName: 'jacky'\n                }\n            }).then(user => {\n                expect(user.admin).to.be.eq(false);\n                testedUserService.makeUserAdmin(1).then(updatedUser => {\n                    expect(updatedUser.admin).to.be.eq(true);\n                    User.findOne({\n                        where: {\n                            userName: 'jacky'\n                        }\n                    }).then(foundUser => {\n                        expect(foundUser.admin).to.be.eq(true);\n                        done();\n                    });\n                });\n            });\n        });\n        it('should get an error, when wanting to make user admin which does not exist', function(done) {\n            testedUserService.makeUserAdmin(3).catch(err => {\n                expect(err).not.to.be.eq(null);\n                expect(err).to.have.property('message');\n                done();\n            });\n        });\n    });\n    describe('Test getSingleUser', () => {\n        it('should return user when exists', function(done) {\n            testedUserService.getSingleUser(1).then(user => {\n                expect(user).not.to.be.eq(null);\n                expect(user.userName).to.be.eq('jacky');\n                done();\n            });\n        });\n        it('should return error, when user not exists', function(done) {\n            testedUserService.getSingleUser(32907).catch(err => {\n                expect(err.message).to.be.eq('User not found!');\n                done();\n            });\n        });\n    });\n    describe('Test changeUser', () => {\n        it('should correctly update existing user', function(done) {\n            testedUserService.changeUser({\n                userId: 1,\n                userName: 'jacky',\n                userMail: 'jack.doe@outlook.com',\n                firstName: 'Jack',\n                lastName: 'Doe',\n                gender: 'male',\n                phoneNumber: 77788889,\n                addressStreet: 'Pinnacle Street',\n                addressPin: '77889',\n                addressCity: 'Hannington Town',\n                addressCountry: 'Saint Isles'\n            }).then(user => {\n                expect(user.userMail).to.be.eq('jack.doe@outlook.com');\n                User.findByPk(1).then(foundUser => {\n                    expect(foundUser.userMail).to.be.eq('jack.doe@outlook.com');\n                    expect(foundUser.phoneNumber).to.be.eq(77788889);\n                    done();\n                });\n            });\n        });\n        it('should return error, when user not exists', function(done) {\n            testedUserService.changeUser({\n                userId: 524456,\n                userName: 'fake',\n                userMail: 'fake.user@fake.com',\n                firstName: 'Faking',\n                lastName: 'Dude',\n                gender: 'male',\n                phoneNumber: 1,\n                addressStreet: null,\n                addressPin: null,\n                addressCity: null,\n                addressCountry: null\n            }).catch(err => {\n                expect(err).not.to.be.eq(null);\n                expect(err).to.have.property('message');\n                done();\n            });\n        });\n        it('should return error, when to be updated data is poor', function(done) {\n            testedUserService.changeUser({\n                userId: 1,\n                userName: null,\n                userMail: 'jack.doe@outlook.com',\n                firstName: 'Jack',\n                lastName: 'Doe',\n                gender: 'male',\n                phoneNumber: 77788889,\n                addressStreet: 'Pinnacle Street',\n                addressPin: '77889',\n                addressCity: 'Hannington Town',\n                addressCountry: 'Saint Isles'\n            }).catch(err => {\n                expect(err).not.to.be.eq(null);\n                expect(err).to.have.property('message');\n                done();\n            });\n        });\n    });\n    describe('Test sendEmailWithResetLink', function() {\n        this.timeout(12000);\n        it('should send email successfully when email exists', function(done) {\n            testedUserService.sendEmailWithResetLink('jack.doe@outlook.com').then(info => {\n                expect(info.envelope.to[0]).to.be.eq('jack.doe@outlook.com');\n                done();\n            }).catch(err => {\n                console.log(err);\n                expect(true).to.be.eq(false); // should never reach here!\n                done();\n            });\n        });\n        it('should not send email, when email does not exists', function(done) {\n            testedUserService.sendEmailWithResetLink('notexistend@email.com').then(info => {\n                console.log(info);\n                expect(true).to.be.eq(false); // should never reach here!\n                done();\n            }).catch(err => {\n                expect(err).not.to.be.eq(null);\n                expect(err).to.have.property('message');\n                done();\n            });\n        });\n    });\n    describe('Test restorePassword', () => {\n        it('should successfully change password', function(done) {\n            testedUserService.restorePassword('jacky', '1234').then(() => {\n                User.findOne({\n                    where: {\n                        userName: 'jacky'\n                    }\n                }).then(user => {\n                    expect(user.password).not.to.be.eq('$2b$12$DS7bJoPX3gH3yk0yu7V9l.jpWFIaOX3W1YzNCwtk/Y6UgYlvxVWS.'); // old password\n                    expect(user.password).not.to.be.eq('1234'); // new password must be hashed\n                    done();\n                });\n            });\n        });\n        it('should not update anything, when requested user does not exist', function(done) {\n            testedUserService.restorePassword('nonExistentUser', 'fakey').then(() => {\n                expect(true).to.be.eq(false); // should never reach here!\n                done();\n            }).catch(err => {\n                expect(err).not.to.be.eq(null);\n                expect(err).to.have.property('message');\n                done();\n            });\n        });\n    });\n    describe('Test updateGameScore', () => {\n        it('should successfully update the game and overall score', function(done) {\n            testedUserService.updateGameScore(1, 5).then(() => {\n                User.findByPk(1).then((user) => {\n                    expect(user).not.to.be.eq(null);\n                    expect(user.gameScore).to.be.eq(5);\n                    expect(user.overallScore).to.be.eq(10);\n                    done();\n                });\n            });\n        });\n    });\n    describe('Test getGameHighScore', () => {\n        it('should add another user', function(done) {\n            const user2: UserAttributes = {\n                userId: 2,\n                admin: false,\n                wallet: 500,\n                userName: 'brent',\n                password: 'j1234',\n                userMail: 'brent@gmail.com',\n                firstName: 'Brent',\n                lastName: 'Eastwood',\n                gender: 'male',\n                phoneNumber: 7655555,\n                addressStreet: 'Kensington Road',\n                addressPin: '4404',\n                addressCity: 'Creed Town',\n                addressCountry: 'Mercy Islands',\n                gameScore: 6,\n                activityScore: 1,\n                overallScore: 6\n            };\n            testedUserService.register(user2).then(user => {\n                expect(user).not.to.be.eq(null);\n                done();\n            });\n        });\n        it('should successfully get game high scores', function(done) {\n            testedUserService.getGameHighScores().then((users) => {\n                expect(users[0].userId).to.be.eq(2);\n                expect(users[0].userName).to.be.eq('brent');\n                expect(users[0].gameScore).to.be.eq(6);\n                expect(users[1].userId).to.be.eq(1);\n                done();\n            });\n        });\n    });\n    describe('Test getOverallHighScore', () => {\n        it('should successfully get the three overall high scores', function(done) {\n            testedUserService.getOverallHighScores().then((users) => {\n                expect(users[1].userId).to.be.eq(2);\n                expect(users[1].userName).to.be.eq('brent');\n                expect(users[1].overallScore).to.be.eq(6);\n                expect(users[0].userId).to.be.eq(1);\n                expect(users[0].overallScore).to.be.eq(10);\n                done();\n            });\n        });\n    });\n});\n"]},"_coverageSchema":"1a1c01bbd47fc00a2c39e90264f33305004495a9","hash":"04c82aae254251c7a4b6e778d29a4ab9fd19d911","contentHash":"3012756ff60ba306b9f718cec8cd175a555d933b3d01aafd237a98c4acad9117"}}